Using pre-set license
Built from '2021.3/staging' branch; Version is '2021.3.22f1 (b6c551784ba3) revision 11978065'; Using compiler version '192829333'; Build Type 'Release'
OS: 'Windows 10  (10.0.19045) 64bit Core' Language: 'es' Physical Memory: 16173 MB
BatchMode: 1, IsHumanControllingUs: 0, StartBugReporterOnCrash: 0, Is64bit: 1, IsPro: 1

COMMAND LINE ARGUMENTS:
C:\Program Files\Unity\Hub\Editor\2021.3.22f1\Editor\Unity.exe
-adb2
-batchMode
-noUpm
-name
AssetImportWorker2
-projectPath
C:/Users/nando/Desktop/Nature Cuest/Juegos
-logFile
Logs/AssetImportWorker2.log
-srvPort
61294
Successfully changed project path to: C:/Users/nando/Desktop/Nature Cuest/Juegos
C:/Users/nando/Desktop/Nature Cuest/Juegos
[UnityMemory] Configuration Parameters - Can be set up in boot.config
    "memorysetup-bucket-allocator-granularity=16"
    "memorysetup-bucket-allocator-bucket-count=8"
    "memorysetup-bucket-allocator-block-size=33554432"
    "memorysetup-bucket-allocator-block-count=8"
    "memorysetup-main-allocator-block-size=16777216"
    "memorysetup-thread-allocator-block-size=16777216"
    "memorysetup-gfx-main-allocator-block-size=16777216"
    "memorysetup-gfx-thread-allocator-block-size=16777216"
    "memorysetup-cache-allocator-block-size=4194304"
    "memorysetup-typetree-allocator-block-size=2097152"
    "memorysetup-profiler-bucket-allocator-granularity=16"
    "memorysetup-profiler-bucket-allocator-bucket-count=8"
    "memorysetup-profiler-bucket-allocator-block-size=33554432"
    "memorysetup-profiler-bucket-allocator-block-count=8"
    "memorysetup-profiler-allocator-block-size=16777216"
    "memorysetup-profiler-editor-allocator-block-size=1048576"
    "memorysetup-temp-allocator-size-main=16777216"
    "memorysetup-job-temp-allocator-block-size=2097152"
    "memorysetup-job-temp-allocator-block-size-background=1048576"
    "memorysetup-job-temp-allocator-reduction-small-platforms=262144"
    "memorysetup-temp-allocator-size-background-worker=32768"
    "memorysetup-temp-allocator-size-job-worker=262144"
    "memorysetup-temp-allocator-size-preload-manager=33554432"
    "memorysetup-temp-allocator-size-nav-mesh-worker=65536"
    "memorysetup-temp-allocator-size-audio-worker=65536"
    "memorysetup-temp-allocator-size-cloud-worker=32768"
    "memorysetup-temp-allocator-size-gi-baking-worker=262144"
    "memorysetup-temp-allocator-size-gfx=262144"
Player connection [42528] Host "[IP] 192.168.56.1 [Port] 0 [Flags] 2 [Guid] 1142262623 [EditorId] 1142262623 [Version] 1048832 [Id] WindowsEditor(7,DESKTOP-0GL603C) [Debug] 1 [PackageName] WindowsEditor [ProjectName] Editor" joined multi-casting on [225.0.0.222:54997]...

Player connection [42528] Host "[IP] 192.168.56.1 [Port] 0 [Flags] 2 [Guid] 1142262623 [EditorId] 1142262623 [Version] 1048832 [Id] WindowsEditor(7,DESKTOP-0GL603C) [Debug] 1 [PackageName] WindowsEditor [ProjectName] Editor" joined alternative multi-casting on [225.0.0.222:34997]...

Refreshing native plugins compatible for Editor in 107.11 ms, found 3 plugins.
Preloading 0 native plugins for Editor in 0.00 ms.
Initialize engine version: 2021.3.22f1 (b6c551784ba3)
[Subsystems] Discovering subsystems at path C:/Program Files/Unity/Hub/Editor/2021.3.22f1/Editor/Data/Resources/UnitySubsystems
[Subsystems] Discovering subsystems at path C:/Users/nando/Desktop/Nature Cuest/Juegos/Assets
GfxDevice: creating device client; threaded=0; jobified=0
Direct3D:
    Version:  Direct3D 11.0 [level 11.1]
    Renderer: NVIDIA GeForce RTX 3060 Laptop GPU (ID=0x2520)
    Vendor:   NVIDIA
    VRAM:     6009 MB
    Driver:   31.0.15.3623
Initialize mono
Mono path[0] = 'C:/Program Files/Unity/Hub/Editor/2021.3.22f1/Editor/Data/Managed'
Mono path[1] = 'C:/Program Files/Unity/Hub/Editor/2021.3.22f1/Editor/Data/MonoBleedingEdge/lib/mono/unityjit-win32'
Mono config path = 'C:/Program Files/Unity/Hub/Editor/2021.3.22f1/Editor/Data/MonoBleedingEdge/etc'
Using monoOptions --debugger-agent=transport=dt_socket,embedding=1,server=y,suspend=n,address=127.0.0.1:56708
Begin MonoManager ReloadAssembly
Registering precompiled unity dll's ...
Register platform support module: C:/Program Files/Unity/Hub/Editor/2021.3.22f1/Editor/Data/PlaybackEngines/WindowsStandaloneSupport/UnityEditor.WindowsStandalone.Extensions.dll
Registered in 0.013664 seconds.
Native extension for WindowsStandalone target not found
Refreshing native plugins compatible for Editor in 102.45 ms, found 3 plugins.
Preloading 0 native plugins for Editor in 0.00 ms.
Mono: successfully reloaded assembly
- Completed reload, in  0.797 seconds
Domain Reload Profiling:
	ReloadAssembly (797ms)
		BeginReloadAssembly (162ms)
			ExecutionOrderSort (0ms)
			DisableScriptedObjects (0ms)
			BackupInstance (0ms)
			ReleaseScriptingObjects (0ms)
			CreateAndSetChildDomain (1ms)
		EndReloadAssembly (479ms)
			LoadAssemblies (158ms)
			RebuildTransferFunctionScriptingTraits (0ms)
			SetupTypeCache (104ms)
			ReleaseScriptCaches (0ms)
			RebuildScriptCaches (29ms)
			SetupLoadedEditorAssemblies (291ms)
				LogAssemblyErrors (0ms)
				InitializePlatformSupportModulesInManaged (9ms)
				SetLoadedEditorAssemblies (0ms)
				RefreshPlugins (103ms)
				BeforeProcessingInitializeOnLoad (1ms)
				ProcessInitializeOnLoadAttributes (134ms)
				ProcessInitializeOnLoadMethodAttributes (44ms)
				AfterProcessingInitializeOnLoad (0ms)
				EditorAssembliesLoaded (0ms)
			ExecutionOrderSort2 (0ms)
			AwakeInstancesAfterBackupRestoration (0ms)
Platform modules already initialized, skipping
Registering precompiled user dll's ...
Registered in 0.014904 seconds.
Begin MonoManager ReloadAssembly
Symbol file LoadedFromMemory doesn't match image C:\Users\nando\Desktop\Nature Cuest\Juegos\Library\PackageCache\com.unity.visualscripting@1.8.0\Editor\VisualScripting.Core\Dependencies\YamlDotNet\Unity.VisualScripting.YamlDotNet.dll
Symbol file LoadedFromMemory doesn't match image C:\Users\nando\Desktop\Nature Cuest\Juegos\Library\PackageCache\com.unity.visualscripting@1.8.0\Editor\VisualScripting.Core\Dependencies\DotNetZip\Unity.VisualScripting.IonicZip.dll
Native extension for WindowsStandalone target not found
Refreshing native plugins compatible for Editor in 1.77 ms, found 3 plugins.
Preloading 0 native plugins for Editor in 0.00 ms.
Mono: successfully reloaded assembly
- Completed reload, in  1.074 seconds
Domain Reload Profiling:
	ReloadAssembly (1075ms)
		BeginReloadAssembly (136ms)
			ExecutionOrderSort (0ms)
			DisableScriptedObjects (6ms)
			BackupInstance (0ms)
			ReleaseScriptingObjects (0ms)
			CreateAndSetChildDomain (17ms)
		EndReloadAssembly (810ms)
			LoadAssemblies (120ms)
			RebuildTransferFunctionScriptingTraits (0ms)
			SetupTypeCache (284ms)
			ReleaseScriptCaches (1ms)
			RebuildScriptCaches (49ms)
			SetupLoadedEditorAssemblies (346ms)
				LogAssemblyErrors (0ms)
				InitializePlatformSupportModulesInManaged (7ms)
				SetLoadedEditorAssemblies (0ms)
				RefreshPlugins (2ms)
				BeforeProcessingInitializeOnLoad (87ms)
				ProcessInitializeOnLoadAttributes (219ms)
				ProcessInitializeOnLoadMethodAttributes (17ms)
				AfterProcessingInitializeOnLoad (14ms)
				EditorAssembliesLoaded (0ms)
			ExecutionOrderSort2 (0ms)
			AwakeInstancesAfterBackupRestoration (6ms)
Platform modules already initialized, skipping
========================================================================
Worker process is ready to serve import requests
Launched and connected shader compiler UnityShaderCompiler.exe after 0.09 seconds
Refreshing native plugins compatible for Editor in 1.48 ms, found 3 plugins.
Preloading 0 native plugins for Editor in 0.00 ms.
Unloading 3126 Unused Serialized files (Serialized files now loaded: 0)
Unloading 26 unused Assets / (57.9 KB). Loaded Objects now: 3587.
Memory consumption went from 116.8 MB to 116.7 MB.
Total: 3.784900 ms (FindLiveObjects: 0.276300 ms CreateObjectMapping: 0.242300 ms MarkObjects: 3.160700 ms  DeleteObjects: 0.104400 ms)

AssetImportParameters requested are different than current active one (requested -> active):
  custom:video-decoder-ogg-theora: a1e56fd34408186e4bbccfd4996cb3dc -> 
  custom:container-muxer-webm: aa71ff27fc2769a1b78a27578f13a17b -> 
  custom:container-demuxer-webm: 4f35f7cbe854078d1ac9338744f61a02 -> 
  custom:video-encoder-webm-vp8: eb34c28f22e8b96e1ab97ce403110664 -> 
  custom:video-codec-MediaFoundation-h265: 746d11721c4dcdbdad8f713fa42b33f4 -> 
  custom:audio-encoder-webm-vorbis: bf7c407c2cedff20999df2af8eb42d56 -> 
  custom:framework-win-MediaFoundation: 216162199b28c13a410421893ffa2e32 -> 
  custom:container-demuxer-ogg: 62fdf1f143b41e24485cea50d1cbac27 -> 
  custom:video-decoder-webm-vp8: 9c59270c3fd7afecdb556c50c9e8de78 -> 
  custom:audio-decoder-ogg-vorbis: bf7c407c2cedff20999df2af8eb42d56 -> 
========================================================================
Received Import Request.
  Time since last request: 79381.104280 seconds.
  path: Assets/Importados/caracol
  artifactKey: Guid(86a2e14c65bc40740a16cbf483607346) Importer(815301076,1909f56bfc062723c751e8b465ee728b)
Start importing Assets/Importados/caracol using Guid(86a2e14c65bc40740a16cbf483607346) Importer(815301076,1909f56bfc062723c751e8b465ee728b)  -> (artifact id: 'a83624ac889d186fe09d8060a425b0b5') in 0.014004 seconds 
========================================================================
Received Import Request.
  Time since last request: 1.765524 seconds.
  path: Assets/Importados/caracol/source
  artifactKey: Guid(b6126846c22b7bb408bba5e2b6db2359) Importer(815301076,1909f56bfc062723c751e8b465ee728b)
Start importing Assets/Importados/caracol/source using Guid(b6126846c22b7bb408bba5e2b6db2359) Importer(815301076,1909f56bfc062723c751e8b465ee728b)  -> (artifact id: 'bc3b8be4895729ca64d6b998d44898f8') in 0.003401 seconds 
========================================================================
Received Import Request.
  Time since last request: 4.918394 seconds.
  path: Assets/Importados/caracol/textures
  artifactKey: Guid(5190cfef09209954ba39270a261b651a) Importer(815301076,1909f56bfc062723c751e8b465ee728b)
Start importing Assets/Importados/caracol/textures using Guid(5190cfef09209954ba39270a261b651a) Importer(815301076,1909f56bfc062723c751e8b465ee728b)  -> (artifact id: 'dd9965d4827d23902f3dcdd20b2d7867') in 0.002309 seconds 
========================================================================
Received Import Request.
  Time since last request: 0.045639 seconds.
  path: Assets/Importados/caracol/textures/gltf_embedded_0.png
  artifactKey: Guid(7a5bcb2fe21e92849bc88d9ac74dc0d8) Importer(815301076,1909f56bfc062723c751e8b465ee728b)
Start importing Assets/Importados/caracol/textures/gltf_embedded_0.png using Guid(7a5bcb2fe21e92849bc88d9ac74dc0d8) Importer(815301076,1909f56bfc062723c751e8b465ee728b)  -> (artifact id: 'c0916c3003ba7a9b34c2e833a98f43d2') in 0.115142 seconds 
========================================================================
Received Import Request.
  Time since last request: 557.444481 seconds.
  path: Assets/Importados/animales
  artifactKey: Guid(4c34b900ed21b044d913cb29b10f3a6a) Importer(815301076,1909f56bfc062723c751e8b465ee728b)
Start importing Assets/Importados/animales using Guid(4c34b900ed21b044d913cb29b10f3a6a) Importer(815301076,1909f56bfc062723c751e8b465ee728b)  -> (artifact id: '700f333159a513cda44944ab7b2ce4df') in 0.002838 seconds 
========================================================================
Received Import Request.
  Time since last request: 1.142379 seconds.
  path: Assets/Importados/animales/source
  artifactKey: Guid(b3cf5cfac21f73b4b84d4ce056b5d695) Importer(815301076,1909f56bfc062723c751e8b465ee728b)
Start importing Assets/Importados/animales/source using Guid(b3cf5cfac21f73b4b84d4ce056b5d695) Importer(815301076,1909f56bfc062723c751e8b465ee728b)  -> (artifact id: 'a2b32b47dd5397655e55fa5b50df1731') in 0.006627 seconds 
========================================================================
Received Import Request.
  Time since last request: 0.701475 seconds.
  path: Assets/Importados/animales/source/Animal_pack
  artifactKey: Guid(44550336cad7c5e47bc068aa8886c17d) Importer(815301076,1909f56bfc062723c751e8b465ee728b)
Start importing Assets/Importados/animales/source/Animal_pack using Guid(44550336cad7c5e47bc068aa8886c17d) Importer(815301076,1909f56bfc062723c751e8b465ee728b)  -> (artifact id: 'a8eccfff9017c18a18aea44431f8e0f6') in 0.003019 seconds 
========================================================================
Received Import Request.
  Time since last request: 0.032297 seconds.
  path: Assets/Importados/animales/source/Animal_pack/animal_pack_1.obj
  artifactKey: Guid(0dbf4d2904a1c364c9fb7514ac105a37) Importer(815301076,1909f56bfc062723c751e8b465ee728b)
Start importing Assets/Importados/animales/source/Animal_pack/animal_pack_1.obj using Guid(0dbf4d2904a1c364c9fb7514ac105a37) Importer(815301076,1909f56bfc062723c751e8b465ee728b)  -> (artifact id: '3df7d2df4c9d0eb5f112f6a99671bb26') in 0.165445 seconds 
========================================================================
Received Import Request.
  Time since last request: 2.634980 seconds.
  path: Assets/Importados/animales/source/Animal_pack/tex
  artifactKey: Guid(b6466d9702b8cc5488e8780c5584d632) Importer(815301076,1909f56bfc062723c751e8b465ee728b)
Start importing Assets/Importados/animales/source/Animal_pack/tex using Guid(b6466d9702b8cc5488e8780c5584d632) Importer(815301076,1909f56bfc062723c751e8b465ee728b)  -> (artifact id: '7f3951bedb2a2601f89cf50b66ef5c44') in 0.003524 seconds 
========================================================================
Received Import Request.
  Time since last request: 0.063471 seconds.
  path: Assets/Importados/animales/source/Animal_pack/tex/1.jpg
  artifactKey: Guid(56503dd9a5995af4088c32cffa6b1090) Importer(815301076,1909f56bfc062723c751e8b465ee728b)
Start importing Assets/Importados/animales/source/Animal_pack/tex/1.jpg using Guid(56503dd9a5995af4088c32cffa6b1090) Importer(815301076,1909f56bfc062723c751e8b465ee728b)  -> (artifact id: 'd3b68bee351dbba27f4dc3d070d25086') in 0.019168 seconds 
========================================================================
Received Import Request.
  Time since last request: 0.004448 seconds.
  path: Assets/Importados/animales/source/Animal_pack/tex/3.jpg
  artifactKey: Guid(fce64b127478cc643a5055d0d5d11a65) Importer(815301076,1909f56bfc062723c751e8b465ee728b)
Start importing Assets/Importados/animales/source/Animal_pack/tex/3.jpg using Guid(fce64b127478cc643a5055d0d5d11a65) Importer(815301076,1909f56bfc062723c751e8b465ee728b)  -> (artifact id: '4175a26a5c6def67bcab96115bf9ef2e') in 0.017740 seconds 
========================================================================
Received Import Request.
  Time since last request: 0.011106 seconds.
  path: Assets/Importados/animales/source/Animal_pack/tex/4.jpg
  artifactKey: Guid(ea29c3841bd0e724891b38293ee0091a) Importer(815301076,1909f56bfc062723c751e8b465ee728b)
Start importing Assets/Importados/animales/source/Animal_pack/tex/4.jpg using Guid(ea29c3841bd0e724891b38293ee0091a) Importer(815301076,1909f56bfc062723c751e8b465ee728b)  -> (artifact id: '9a3aca5b10605a6016f0f6f3bb178e9e') in 0.032858 seconds 
========================================================================
Received Import Request.
  Time since last request: 0.000041 seconds.
  path: Assets/Importados/animales/source/Animal_pack/tex/5.jpg
  artifactKey: Guid(8bb852505ecec62449e00fb181ffe4c5) Importer(815301076,1909f56bfc062723c751e8b465ee728b)
Start importing Assets/Importados/animales/source/Animal_pack/tex/5.jpg using Guid(8bb852505ecec62449e00fb181ffe4c5) Importer(815301076,1909f56bfc062723c751e8b465ee728b)  -> (artifact id: 'aa92cad0e0e754c60f4f473bf4fb0d52') in 0.034184 seconds 
========================================================================
Received Import Request.
  Time since last request: 0.000042 seconds.
  path: Assets/Importados/animales/source/Animal_pack/tex/7.jpg
  artifactKey: Guid(fb1621fafbf189b4aa497dcf3945948a) Importer(815301076,1909f56bfc062723c751e8b465ee728b)
Start importing Assets/Importados/animales/source/Animal_pack/tex/7.jpg using Guid(fb1621fafbf189b4aa497dcf3945948a) Importer(815301076,1909f56bfc062723c751e8b465ee728b)  -> (artifact id: '06aca8026ac4b36d6b3e94de2198f396') in 0.052179 seconds 
========================================================================
Received Import Request.
  Time since last request: 0.001137 seconds.
  path: Assets/Importados/animales/source/Animal_pack/tex/8.jpg
  artifactKey: Guid(a6bf34adbc7a1074bbe168da82ec2095) Importer(815301076,1909f56bfc062723c751e8b465ee728b)
Start importing Assets/Importados/animales/source/Animal_pack/tex/8.jpg using Guid(a6bf34adbc7a1074bbe168da82ec2095) Importer(815301076,1909f56bfc062723c751e8b465ee728b)  -> (artifact id: '84495b45abd9356d4fd5fc0cdfab4654') in 0.022457 seconds 
========================================================================
Received Import Request.
  Time since last request: 3.950026 seconds.
  path: Assets/Importados/animales/source/Animal_pack/animal_pack_1.mtl
  artifactKey: Guid(b399ce5b711f94743af1f6842727f719) Importer(815301076,1909f56bfc062723c751e8b465ee728b)
Start importing Assets/Importados/animales/source/Animal_pack/animal_pack_1.mtl using Guid(b399ce5b711f94743af1f6842727f719) Importer(815301076,1909f56bfc062723c751e8b465ee728b)  -> (artifact id: '668d931c1f9b545ac8c0de6e657bc929') in 0.008388 seconds 
Editor requested this worker to shutdown with reason: Scaling down because of idle timeout
AssetImportWorker is now disconnected from the server
Process exiting
Exiting without the bug reporter. Application will terminate with return code 0