Using pre-set license
Built from '2021.3/staging' branch; Version is '2021.3.22f1 (b6c551784ba3) revision 11978065'; Using compiler version '192829333'; Build Type 'Release'
OS: 'Windows 10  (10.0.19045) 64bit Core' Language: 'es' Physical Memory: 16173 MB
BatchMode: 1, IsHumanControllingUs: 0, StartBugReporterOnCrash: 0, Is64bit: 1, IsPro: 1

COMMAND LINE ARGUMENTS:
C:\Program Files\Unity\Hub\Editor\2021.3.22f1\Editor\Unity.exe
-adb2
-batchMode
-noUpm
-name
AssetImportWorker12
-projectPath
C:/Users/nando/Desktop/Nature Cuest/Juegos
-logFile
Logs/AssetImportWorker12.log
-srvPort
61294
Successfully changed project path to: C:/Users/nando/Desktop/Nature Cuest/Juegos
C:/Users/nando/Desktop/Nature Cuest/Juegos
[UnityMemory] Configuration Parameters - Can be set up in boot.config
    "memorysetup-bucket-allocator-granularity=16"
    "memorysetup-bucket-allocator-bucket-count=8"
    "memorysetup-bucket-allocator-block-size=33554432"
    "memorysetup-bucket-allocator-block-count=8"
    "memorysetup-main-allocator-block-size=16777216"
    "memorysetup-thread-allocator-block-size=16777216"
    "memorysetup-gfx-main-allocator-block-size=16777216"
    "memorysetup-gfx-thread-allocator-block-size=16777216"
    "memorysetup-cache-allocator-block-size=4194304"
    "memorysetup-typetree-allocator-block-size=2097152"
    "memorysetup-profiler-bucket-allocator-granularity=16"
    "memorysetup-profiler-bucket-allocator-bucket-count=8"
    "memorysetup-profiler-bucket-allocator-block-size=33554432"
    "memorysetup-profiler-bucket-allocator-block-count=8"
    "memorysetup-profiler-allocator-block-size=16777216"
    "memorysetup-profiler-editor-allocator-block-size=1048576"
    "memorysetup-temp-allocator-size-main=16777216"
    "memorysetup-job-temp-allocator-block-size=2097152"
    "memorysetup-job-temp-allocator-block-size-background=1048576"
    "memorysetup-job-temp-allocator-reduction-small-platforms=262144"
    "memorysetup-temp-allocator-size-background-worker=32768"
    "memorysetup-temp-allocator-size-job-worker=262144"
    "memorysetup-temp-allocator-size-preload-manager=33554432"
    "memorysetup-temp-allocator-size-nav-mesh-worker=65536"
    "memorysetup-temp-allocator-size-audio-worker=65536"
    "memorysetup-temp-allocator-size-cloud-worker=32768"
    "memorysetup-temp-allocator-size-gi-baking-worker=262144"
    "memorysetup-temp-allocator-size-gfx=262144"
Player connection [46224] Host "[IP] 192.168.56.1 [Port] 0 [Flags] 2 [Guid] 1282397796 [EditorId] 1282397796 [Version] 1048832 [Id] WindowsEditor(7,DESKTOP-0GL603C) [Debug] 1 [PackageName] WindowsEditor [ProjectName] Editor" joined multi-casting on [225.0.0.222:54997]...

Player connection [46224] Host "[IP] 192.168.56.1 [Port] 0 [Flags] 2 [Guid] 1282397796 [EditorId] 1282397796 [Version] 1048832 [Id] WindowsEditor(7,DESKTOP-0GL603C) [Debug] 1 [PackageName] WindowsEditor [ProjectName] Editor" joined alternative multi-casting on [225.0.0.222:34997]...

Refreshing native plugins compatible for Editor in 108.73 ms, found 3 plugins.
Preloading 0 native plugins for Editor in 0.00 ms.
Initialize engine version: 2021.3.22f1 (b6c551784ba3)
[Subsystems] Discovering subsystems at path C:/Program Files/Unity/Hub/Editor/2021.3.22f1/Editor/Data/Resources/UnitySubsystems
[Subsystems] Discovering subsystems at path C:/Users/nando/Desktop/Nature Cuest/Juegos/Assets
GfxDevice: creating device client; threaded=0; jobified=0
Direct3D:
    Version:  Direct3D 11.0 [level 11.1]
    Renderer: NVIDIA GeForce RTX 3060 Laptop GPU (ID=0x2520)
    Vendor:   NVIDIA
    VRAM:     6009 MB
    Driver:   31.0.15.3623
Initialize mono
Mono path[0] = 'C:/Program Files/Unity/Hub/Editor/2021.3.22f1/Editor/Data/Managed'
Mono path[1] = 'C:/Program Files/Unity/Hub/Editor/2021.3.22f1/Editor/Data/MonoBleedingEdge/lib/mono/unityjit-win32'
Mono config path = 'C:/Program Files/Unity/Hub/Editor/2021.3.22f1/Editor/Data/MonoBleedingEdge/etc'
Using monoOptions --debugger-agent=transport=dt_socket,embedding=1,server=y,suspend=n,address=127.0.0.1:56744
Begin MonoManager ReloadAssembly
Registering precompiled unity dll's ...
Register platform support module: C:/Program Files/Unity/Hub/Editor/2021.3.22f1/Editor/Data/PlaybackEngines/WindowsStandaloneSupport/UnityEditor.WindowsStandalone.Extensions.dll
Registered in 0.013343 seconds.
Native extension for WindowsStandalone target not found
Refreshing native plugins compatible for Editor in 109.61 ms, found 3 plugins.
Preloading 0 native plugins for Editor in 0.00 ms.
Mono: successfully reloaded assembly
- Completed reload, in  0.761 seconds
Domain Reload Profiling:
	ReloadAssembly (762ms)
		BeginReloadAssembly (108ms)
			ExecutionOrderSort (0ms)
			DisableScriptedObjects (0ms)
			BackupInstance (0ms)
			ReleaseScriptingObjects (0ms)
			CreateAndSetChildDomain (1ms)
		EndReloadAssembly (516ms)
			LoadAssemblies (103ms)
			RebuildTransferFunctionScriptingTraits (0ms)
			SetupTypeCache (128ms)
			ReleaseScriptCaches (0ms)
			RebuildScriptCaches (28ms)
			SetupLoadedEditorAssemblies (304ms)
				LogAssemblyErrors (0ms)
				InitializePlatformSupportModulesInManaged (11ms)
				SetLoadedEditorAssemblies (0ms)
				RefreshPlugins (110ms)
				BeforeProcessingInitializeOnLoad (1ms)
				ProcessInitializeOnLoadAttributes (138ms)
				ProcessInitializeOnLoadMethodAttributes (44ms)
				AfterProcessingInitializeOnLoad (0ms)
				EditorAssembliesLoaded (0ms)
			ExecutionOrderSort2 (0ms)
			AwakeInstancesAfterBackupRestoration (0ms)
Platform modules already initialized, skipping
Registering precompiled user dll's ...
Registered in 0.015875 seconds.
Begin MonoManager ReloadAssembly
Symbol file LoadedFromMemory doesn't match image C:\Users\nando\Desktop\Nature Cuest\Juegos\Library\PackageCache\com.unity.visualscripting@1.8.0\Editor\VisualScripting.Core\Dependencies\YamlDotNet\Unity.VisualScripting.YamlDotNet.dll
Symbol file LoadedFromMemory doesn't match image C:\Users\nando\Desktop\Nature Cuest\Juegos\Library\PackageCache\com.unity.visualscripting@1.8.0\Editor\VisualScripting.Core\Dependencies\DotNetZip\Unity.VisualScripting.IonicZip.dll
Native extension for WindowsStandalone target not found
Refreshing native plugins compatible for Editor in 0.90 ms, found 3 plugins.
Preloading 0 native plugins for Editor in 0.00 ms.
Mono: successfully reloaded assembly
- Completed reload, in  1.075 seconds
Domain Reload Profiling:
	ReloadAssembly (1076ms)
		BeginReloadAssembly (142ms)
			ExecutionOrderSort (0ms)
			DisableScriptedObjects (6ms)
			BackupInstance (0ms)
			ReleaseScriptingObjects (0ms)
			CreateAndSetChildDomain (19ms)
		EndReloadAssembly (801ms)
			LoadAssemblies (115ms)
			RebuildTransferFunctionScriptingTraits (0ms)
			SetupTypeCache (258ms)
			ReleaseScriptCaches (1ms)
			RebuildScriptCaches (47ms)
			SetupLoadedEditorAssemblies (364ms)
				LogAssemblyErrors (0ms)
				InitializePlatformSupportModulesInManaged (7ms)
				SetLoadedEditorAssemblies (0ms)
				RefreshPlugins (1ms)
				BeforeProcessingInitializeOnLoad (89ms)
				ProcessInitializeOnLoadAttributes (234ms)
				ProcessInitializeOnLoadMethodAttributes (17ms)
				AfterProcessingInitializeOnLoad (15ms)
				EditorAssembliesLoaded (0ms)
			ExecutionOrderSort2 (0ms)
			AwakeInstancesAfterBackupRestoration (7ms)
Platform modules already initialized, skipping
========================================================================
Worker process is ready to serve import requests
Launched and connected shader compiler UnityShaderCompiler.exe after 0.14 seconds
Refreshing native plugins compatible for Editor in 1.06 ms, found 3 plugins.
Preloading 0 native plugins for Editor in 0.00 ms.
Unloading 3126 Unused Serialized files (Serialized files now loaded: 0)
Unloading 26 unused Assets / (57.7 KB). Loaded Objects now: 3587.
Memory consumption went from 116.8 MB to 116.8 MB.
Total: 2.629200 ms (FindLiveObjects: 0.250700 ms CreateObjectMapping: 0.206300 ms MarkObjects: 2.092100 ms  DeleteObjects: 0.079000 ms)

AssetImportParameters requested are different than current active one (requested -> active):
  custom:video-decoder-ogg-theora: a1e56fd34408186e4bbccfd4996cb3dc -> 
  custom:container-muxer-webm: aa71ff27fc2769a1b78a27578f13a17b -> 
  custom:container-demuxer-webm: 4f35f7cbe854078d1ac9338744f61a02 -> 
  custom:video-encoder-webm-vp8: eb34c28f22e8b96e1ab97ce403110664 -> 
  custom:video-codec-MediaFoundation-h265: 746d11721c4dcdbdad8f713fa42b33f4 -> 
  custom:audio-encoder-webm-vorbis: bf7c407c2cedff20999df2af8eb42d56 -> 
  custom:framework-win-MediaFoundation: 216162199b28c13a410421893ffa2e32 -> 
  custom:container-demuxer-ogg: 62fdf1f143b41e24485cea50d1cbac27 -> 
  custom:video-decoder-webm-vp8: 9c59270c3fd7afecdb556c50c9e8de78 -> 
  custom:audio-decoder-ogg-vorbis: bf7c407c2cedff20999df2af8eb42d56 -> 
========================================================================
Received Import Request.
  Time since last request: 90300.206289 seconds.
  path: Assets/Importados/animalesBosque/rana2/textures
  artifactKey: Guid(91d32a1b0de671f45bcaba9074ce0f7b) Importer(815301076,1909f56bfc062723c751e8b465ee728b)
Start importing Assets/Importados/animalesBosque/rana2/textures using Guid(91d32a1b0de671f45bcaba9074ce0f7b) Importer(815301076,1909f56bfc062723c751e8b465ee728b)  -> (artifact id: '5b9a204f189f628fba957ee44555d58f') in 0.010618 seconds 
========================================================================
Received Import Request.
  Time since last request: 0.198543 seconds.
  path: Assets/Importados/animalesBosque/rana2/textures/20190909_frog20190909_frog_12-AO_u0_v0.png
  artifactKey: Guid(5097539fab5c35942abdea70f59abb13) Importer(815301076,1909f56bfc062723c751e8b465ee728b)
Start importing Assets/Importados/animalesBosque/rana2/textures/20190909_frog20190909_frog_12-AO_u0_v0.png using Guid(5097539fab5c35942abdea70f59abb13) Importer(815301076,1909f56bfc062723c751e8b465ee728b)  -> (artifact id: '1e0f6c8ab16ea1dc94927f3c567703f4') in 0.094853 seconds 
========================================================================
Received Import Request.
  Time since last request: 0.000027 seconds.
  path: Assets/Importados/animalesBosque/rana2/textures/20190909_frog20190909_frog_12-TM_u0_v0.png
  artifactKey: Guid(971bea92c069a2447806fa716b2a6e6e) Importer(815301076,1909f56bfc062723c751e8b465ee728b)
Start importing Assets/Importados/animalesBosque/rana2/textures/20190909_frog20190909_frog_12-TM_u0_v0.png using Guid(971bea92c069a2447806fa716b2a6e6e) Importer(815301076,1909f56bfc062723c751e8b465ee728b)  -> (artifact id: '090d7b88bd8e1097279326307a5a9cf0') in 0.017976 seconds 
========================================================================
Received Import Request.
  Time since last request: 303.710171 seconds.
  path: Assets/Importados/animalesBosque/caracol1
  artifactKey: Guid(956e08f035c873e41b2190b6a3f71056) Importer(815301076,1909f56bfc062723c751e8b465ee728b)
Start importing Assets/Importados/animalesBosque/caracol1 using Guid(956e08f035c873e41b2190b6a3f71056) Importer(815301076,1909f56bfc062723c751e8b465ee728b)  -> (artifact id: 'f16df1c0d26153addba9989d06a1f4d3') in 0.003030 seconds 
========================================================================
Received Import Request.
  Time since last request: 1.696577 seconds.
  path: Assets/Importados/animalesBosque/caracol1/source
  artifactKey: Guid(e2278b6203cd11242b110d5d6a707736) Importer(815301076,1909f56bfc062723c751e8b465ee728b)
Start importing Assets/Importados/animalesBosque/caracol1/source using Guid(e2278b6203cd11242b110d5d6a707736) Importer(815301076,1909f56bfc062723c751e8b465ee728b)  -> (artifact id: '47f4b44e343c67a0a7ee84c74eb29c8b') in 0.002753 seconds 
========================================================================
Received Import Request.
  Time since last request: 0.041288 seconds.
  path: Assets/Importados/animalesBosque/caracol1/source/Snail.fbx
  artifactKey: Guid(9d2d2af98e3468046b0c7e19a826c936) Importer(815301076,1909f56bfc062723c751e8b465ee728b)
Start importing Assets/Importados/animalesBosque/caracol1/source/Snail.fbx using Guid(9d2d2af98e3468046b0c7e19a826c936) Importer(815301076,1909f56bfc062723c751e8b465ee728b)  -> (artifact id: '932c9579df9c548cacf527668206d349') in 0.103497 seconds 
========================================================================
Received Import Request.
  Time since last request: 130.910874 seconds.
  path: Assets/Importados/animalesBosque/caracol1/textures
  artifactKey: Guid(2a189a839a41b554bad4bb359cc21a3b) Importer(815301076,1909f56bfc062723c751e8b465ee728b)
Start importing Assets/Importados/animalesBosque/caracol1/textures using Guid(2a189a839a41b554bad4bb359cc21a3b) Importer(815301076,1909f56bfc062723c751e8b465ee728b)  -> (artifact id: '58e109632270c6bd8e907dfb54194a91') in 0.002233 seconds 
========================================================================
Received Import Request.
  Time since last request: 0.056782 seconds.
  path: Assets/Importados/animalesBosque/caracol1/textures/17.png
  artifactKey: Guid(13ca8148a3812b14c85bd1b95302ca28) Importer(815301076,1909f56bfc062723c751e8b465ee728b)
Start importing Assets/Importados/animalesBosque/caracol1/textures/17.png using Guid(13ca8148a3812b14c85bd1b95302ca28) Importer(815301076,1909f56bfc062723c751e8b465ee728b)  -> (artifact id: '1628a6261c5ab74645a87dba21030cc9') in 0.032642 seconds 
========================================================================
Received Prepare
Registering precompiled user dll's ...
Registered in 0.019654 seconds.
Begin MonoManager ReloadAssembly
Symbol file LoadedFromMemory doesn't match image C:\Users\nando\Desktop\Nature Cuest\Juegos\Library\PackageCache\com.unity.visualscripting@1.8.0\Editor\VisualScripting.Core\Dependencies\YamlDotNet\Unity.VisualScripting.YamlDotNet.dll
Symbol file LoadedFromMemory doesn't match image C:\Users\nando\Desktop\Nature Cuest\Juegos\Library\PackageCache\com.unity.visualscripting@1.8.0\Editor\VisualScripting.Core\Dependencies\DotNetZip\Unity.VisualScripting.IonicZip.dll
Native extension for WindowsStandalone target not found
Refreshing native plugins compatible for Editor in 1.76 ms, found 3 plugins.
Preloading 0 native plugins for Editor in 0.00 ms.
Mono: successfully reloaded assembly
- Completed reload, in  1.273 seconds
Domain Reload Profiling:
	ReloadAssembly (1274ms)
		BeginReloadAssembly (164ms)
			ExecutionOrderSort (0ms)
			DisableScriptedObjects (4ms)
			BackupInstance (0ms)
			ReleaseScriptingObjects (0ms)
			CreateAndSetChildDomain (37ms)
		EndReloadAssembly (976ms)
			LoadAssemblies (119ms)
			RebuildTransferFunctionScriptingTraits (0ms)
			SetupTypeCache (323ms)
			ReleaseScriptCaches (2ms)
			RebuildScriptCaches (91ms)
			SetupLoadedEditorAssemblies (375ms)
				LogAssemblyErrors (0ms)
				InitializePlatformSupportModulesInManaged (12ms)
				SetLoadedEditorAssemblies (1ms)
				RefreshPlugins (2ms)
				BeforeProcessingInitializeOnLoad (102ms)
				ProcessInitializeOnLoadAttributes (222ms)
				ProcessInitializeOnLoadMethodAttributes (20ms)
				AfterProcessingInitializeOnLoad (17ms)
				EditorAssembliesLoaded (0ms)
			ExecutionOrderSort2 (0ms)
			AwakeInstancesAfterBackupRestoration (8ms)
Platform modules already initialized, skipping
Refreshing native plugins compatible for Editor in 4.43 ms, found 3 plugins.
Preloading 0 native plugins for Editor in 0.00 ms.
Unloading 3099 Unused Serialized files (Serialized files now loaded: 0)
Unloading 19 unused Assets / (24.7 KB). Loaded Objects now: 3636.
Memory consumption went from 118.8 MB to 118.8 MB.
Total: 4.197700 ms (FindLiveObjects: 0.344000 ms CreateObjectMapping: 0.241700 ms MarkObjects: 3.573100 ms  DeleteObjects: 0.037400 ms)

AssetImportParameters requested are different than current active one (requested -> active):
  custom:video-decoder-ogg-theora: a1e56fd34408186e4bbccfd4996cb3dc -> 
  custom:container-muxer-webm: aa71ff27fc2769a1b78a27578f13a17b -> 
  custom:container-demuxer-webm: 4f35f7cbe854078d1ac9338744f61a02 -> 
  custom:video-encoder-webm-vp8: eb34c28f22e8b96e1ab97ce403110664 -> 
  custom:video-codec-MediaFoundation-h265: 746d11721c4dcdbdad8f713fa42b33f4 -> 
  custom:audio-encoder-webm-vorbis: bf7c407c2cedff20999df2af8eb42d56 -> 
  custom:framework-win-MediaFoundation: 216162199b28c13a410421893ffa2e32 -> 
  custom:container-demuxer-ogg: 62fdf1f143b41e24485cea50d1cbac27 -> 
  custom:video-decoder-webm-vp8: 9c59270c3fd7afecdb556c50c9e8de78 -> 
  custom:audio-decoder-ogg-vorbis: bf7c407c2cedff20999df2af8eb42d56 -> 
========================================================================
Received Prepare
Registering precompiled user dll's ...
Registered in 0.034066 seconds.
Begin MonoManager ReloadAssembly
Symbol file LoadedFromMemory doesn't match image C:\Users\nando\Desktop\Nature Cuest\Juegos\Library\PackageCache\com.unity.visualscripting@1.8.0\Editor\VisualScripting.Core\Dependencies\YamlDotNet\Unity.VisualScripting.YamlDotNet.dll
Symbol file LoadedFromMemory doesn't match image C:\Users\nando\Desktop\Nature Cuest\Juegos\Library\PackageCache\com.unity.visualscripting@1.8.0\Editor\VisualScripting.Core\Dependencies\DotNetZip\Unity.VisualScripting.IonicZip.dll
Native extension for WindowsStandalone target not found
Refreshing native plugins compatible for Editor in 2.30 ms, found 3 plugins.
Preloading 0 native plugins for Editor in 0.00 ms.
Mono: successfully reloaded assembly
- Completed reload, in  1.378 seconds
Domain Reload Profiling:
	ReloadAssembly (1379ms)
		BeginReloadAssembly (175ms)
			ExecutionOrderSort (0ms)
			DisableScriptedObjects (5ms)
			BackupInstance (0ms)
			ReleaseScriptingObjects (0ms)
			CreateAndSetChildDomain (32ms)
		EndReloadAssembly (1043ms)
			LoadAssemblies (145ms)
			RebuildTransferFunctionScriptingTraits (0ms)
			SetupTypeCache (334ms)
			ReleaseScriptCaches (2ms)
			RebuildScriptCaches (49ms)
			SetupLoadedEditorAssemblies (473ms)
				LogAssemblyErrors (0ms)
				InitializePlatformSupportModulesInManaged (17ms)
				SetLoadedEditorAssemblies (1ms)
				RefreshPlugins (2ms)
				BeforeProcessingInitializeOnLoad (124ms)
				ProcessInitializeOnLoadAttributes (288ms)
				ProcessInitializeOnLoadMethodAttributes (22ms)
				AfterProcessingInitializeOnLoad (18ms)
				EditorAssembliesLoaded (0ms)
			ExecutionOrderSort2 (0ms)
			AwakeInstancesAfterBackupRestoration (8ms)
Platform modules already initialized, skipping
Refreshing native plugins compatible for Editor in 5.94 ms, found 3 plugins.
Preloading 0 native plugins for Editor in 0.00 ms.
Unloading 3099 Unused Serialized files (Serialized files now loaded: 0)
Unloading 19 unused Assets / (24.6 KB). Loaded Objects now: 3639.
Memory consumption went from 118.9 MB to 118.8 MB.
Total: 3.484200 ms (FindLiveObjects: 0.292900 ms CreateObjectMapping: 0.236100 ms MarkObjects: 2.923000 ms  DeleteObjects: 0.031000 ms)

AssetImportParameters requested are different than current active one (requested -> active):
  custom:video-decoder-ogg-theora: a1e56fd34408186e4bbccfd4996cb3dc -> 
  custom:container-muxer-webm: aa71ff27fc2769a1b78a27578f13a17b -> 
  custom:container-demuxer-webm: 4f35f7cbe854078d1ac9338744f61a02 -> 
  custom:video-encoder-webm-vp8: eb34c28f22e8b96e1ab97ce403110664 -> 
  custom:video-codec-MediaFoundation-h265: 746d11721c4dcdbdad8f713fa42b33f4 -> 
  custom:audio-encoder-webm-vorbis: bf7c407c2cedff20999df2af8eb42d56 -> 
  custom:framework-win-MediaFoundation: 216162199b28c13a410421893ffa2e32 -> 
  custom:container-demuxer-ogg: 62fdf1f143b41e24485cea50d1cbac27 -> 
  custom:video-decoder-webm-vp8: 9c59270c3fd7afecdb556c50c9e8de78 -> 
  custom:audio-decoder-ogg-vorbis: bf7c407c2cedff20999df2af8eb42d56 -> 
========================================================================
Received Prepare
Registering precompiled user dll's ...
Registered in 0.020832 seconds.
Begin MonoManager ReloadAssembly
Symbol file LoadedFromMemory doesn't match image C:\Users\nando\Desktop\Nature Cuest\Juegos\Library\PackageCache\com.unity.visualscripting@1.8.0\Editor\VisualScripting.Core\Dependencies\YamlDotNet\Unity.VisualScripting.YamlDotNet.dll
Symbol file LoadedFromMemory doesn't match image C:\Users\nando\Desktop\Nature Cuest\Juegos\Library\PackageCache\com.unity.visualscripting@1.8.0\Editor\VisualScripting.Core\Dependencies\DotNetZip\Unity.VisualScripting.IonicZip.dll
Native extension for WindowsStandalone target not found
Refreshing native plugins compatible for Editor in 1.20 ms, found 3 plugins.
Preloading 0 native plugins for Editor in 0.00 ms.
Mono: successfully reloaded assembly
- Completed reload, in  1.270 seconds
Domain Reload Profiling:
	ReloadAssembly (1271ms)
		BeginReloadAssembly (182ms)
			ExecutionOrderSort (0ms)
			DisableScriptedObjects (7ms)
			BackupInstance (0ms)
			ReleaseScriptingObjects (0ms)
			CreateAndSetChildDomain (34ms)
		EndReloadAssembly (957ms)
			LoadAssemblies (141ms)
			RebuildTransferFunctionScriptingTraits (0ms)
			SetupTypeCache (332ms)
			ReleaseScriptCaches (1ms)
			RebuildScriptCaches (59ms)
			SetupLoadedEditorAssemblies (382ms)
				LogAssemblyErrors (0ms)
				InitializePlatformSupportModulesInManaged (9ms)
				SetLoadedEditorAssemblies (1ms)
				RefreshPlugins (1ms)
				BeforeProcessingInitializeOnLoad (95ms)
				ProcessInitializeOnLoadAttributes (236ms)
				ProcessInitializeOnLoadMethodAttributes (21ms)
				AfterProcessingInitializeOnLoad (18ms)
				EditorAssembliesLoaded (0ms)
			ExecutionOrderSort2 (0ms)
			AwakeInstancesAfterBackupRestoration (8ms)
Platform modules already initialized, skipping
Refreshing native plugins compatible for Editor in 5.85 ms, found 3 plugins.
Preloading 0 native plugins for Editor in 0.00 ms.
Unloading 3099 Unused Serialized files (Serialized files now loaded: 0)
Unloading 19 unused Assets / (24.6 KB). Loaded Objects now: 3642.
Memory consumption went from 118.9 MB to 118.8 MB.
Total: 2.848700 ms (FindLiveObjects: 0.286000 ms CreateObjectMapping: 0.256900 ms MarkObjects: 2.272900 ms  DeleteObjects: 0.032000 ms)

AssetImportParameters requested are different than current active one (requested -> active):
  custom:video-decoder-ogg-theora: a1e56fd34408186e4bbccfd4996cb3dc -> 
  custom:container-muxer-webm: aa71ff27fc2769a1b78a27578f13a17b -> 
  custom:container-demuxer-webm: 4f35f7cbe854078d1ac9338744f61a02 -> 
  custom:video-encoder-webm-vp8: eb34c28f22e8b96e1ab97ce403110664 -> 
  custom:video-codec-MediaFoundation-h265: 746d11721c4dcdbdad8f713fa42b33f4 -> 
  custom:audio-encoder-webm-vorbis: bf7c407c2cedff20999df2af8eb42d56 -> 
  custom:framework-win-MediaFoundation: 216162199b28c13a410421893ffa2e32 -> 
  custom:container-demuxer-ogg: 62fdf1f143b41e24485cea50d1cbac27 -> 
  custom:video-decoder-webm-vp8: 9c59270c3fd7afecdb556c50c9e8de78 -> 
  custom:audio-decoder-ogg-vorbis: bf7c407c2cedff20999df2af8eb42d56 -> 
========================================================================
Received Import Request.
  Time since last request: 1488.493220 seconds.
  path: Assets/Importados/animalesBosque/talador
  artifactKey: Guid(0d00dc1c1091645448ba3f0d8f480a8e) Importer(815301076,1909f56bfc062723c751e8b465ee728b)
Start importing Assets/Importados/animalesBosque/talador using Guid(0d00dc1c1091645448ba3f0d8f480a8e) Importer(815301076,1909f56bfc062723c751e8b465ee728b)  -> (artifact id: 'c5c03600914fd6d3ab553900d19cabe2') in 0.013024 seconds 
========================================================================
Received Import Request.
  Time since last request: 1.451994 seconds.
  path: Assets/Importados/animalesBosque/talador/source
  artifactKey: Guid(60bdf2f0ebbbfb040b189c1f403ae3c3) Importer(815301076,1909f56bfc062723c751e8b465ee728b)
Start importing Assets/Importados/animalesBosque/talador/source using Guid(60bdf2f0ebbbfb040b189c1f403ae3c3) Importer(815301076,1909f56bfc062723c751e8b465ee728b)  -> (artifact id: 'c9f0459a24e2f08541d19debbb215781') in 0.002689 seconds 
========================================================================
Received Import Request.
  Time since last request: 0.032505 seconds.
  path: Assets/Importados/animalesBosque/talador/source/worker_shain_saw.fbx
  artifactKey: Guid(8f3cea0fa0b929f4481800c19cb8bc50) Importer(815301076,1909f56bfc062723c751e8b465ee728b)
Start importing Assets/Importados/animalesBosque/talador/source/worker_shain_saw.fbx using Guid(8f3cea0fa0b929f4481800c19cb8bc50) Importer(815301076,1909f56bfc062723c751e8b465ee728b)  -> (artifact id: 'ef376be6aa2fd4222564858d285b8010') in 0.182381 seconds 
========================================================================
Received Import Request.
  Time since last request: 10.040050 seconds.
  path: Assets/Importados/animalesBosque/talador/textures
  artifactKey: Guid(10afe9db52b83674fa436208cd27a091) Importer(815301076,1909f56bfc062723c751e8b465ee728b)
Start importing Assets/Importados/animalesBosque/talador/textures using Guid(10afe9db52b83674fa436208cd27a091) Importer(815301076,1909f56bfc062723c751e8b465ee728b)  -> (artifact id: '830a953cd4a151da3c6b926cdd1b9415') in 0.002340 seconds 
========================================================================
Received Import Request.
  Time since last request: 0.053894 seconds.
  path: Assets/Importados/animalesBosque/talador/textures/1fe08c15a54f134.jpeg
  artifactKey: Guid(90d9dde162194c44893933b3782a71ab) Importer(815301076,1909f56bfc062723c751e8b465ee728b)
Start importing Assets/Importados/animalesBosque/talador/textures/1fe08c15a54f134.jpeg using Guid(90d9dde162194c44893933b3782a71ab) Importer(815301076,1909f56bfc062723c751e8b465ee728b)  -> (artifact id: '2fbd2e4ed212aed00385decb6f74f66d') in 0.019179 seconds 
========================================================================
Received Import Request.
  Time since last request: 0.002765 seconds.
  path: Assets/Importados/animalesBosque/talador/textures/9edfc5fb63ab1b09.jpeg
  artifactKey: Guid(efff57d6ec1c4384c8d1005c4a7e317f) Importer(815301076,1909f56bfc062723c751e8b465ee728b)
Start importing Assets/Importados/animalesBosque/talador/textures/9edfc5fb63ab1b09.jpeg using Guid(efff57d6ec1c4384c8d1005c4a7e317f) Importer(815301076,1909f56bfc062723c751e8b465ee728b)  -> (artifact id: '6f4121275e55a83c4ab24912c9706875') in 0.013008 seconds 
========================================================================
Received Import Request.
  Time since last request: 0.008166 seconds.
  path: Assets/Importados/animalesBosque/talador/textures/77a2afca56d6fff2.png
  artifactKey: Guid(a676d88a793618448b5fb197461714d3) Importer(815301076,1909f56bfc062723c751e8b465ee728b)
Start importing Assets/Importados/animalesBosque/talador/textures/77a2afca56d6fff2.png using Guid(a676d88a793618448b5fb197461714d3) Importer(815301076,1909f56bfc062723c751e8b465ee728b)  -> (artifact id: 'eb5eec738c4d3ab1b6ed6e33e26f7f8d') in 0.013762 seconds 
========================================================================
Received Import Request.
  Time since last request: 0.000031 seconds.
  path: Assets/Importados/animalesBosque/talador/textures/8daa533d0ee6acb.jpeg
  artifactKey: Guid(e6dbaf395080f5b4abd0164bccca582c) Importer(815301076,1909f56bfc062723c751e8b465ee728b)
Start importing Assets/Importados/animalesBosque/talador/textures/8daa533d0ee6acb.jpeg using Guid(e6dbaf395080f5b4abd0164bccca582c) Importer(815301076,1909f56bfc062723c751e8b465ee728b)  -> (artifact id: '35fa5c8e2b575863820448a9a15dda24') in 0.017308 seconds 
========================================================================
Received Import Request.
  Time since last request: 0.000032 seconds.
  path: Assets/Importados/animalesBosque/talador/textures/bd62ec9eb662081e.jpeg
  artifactKey: Guid(c1ee87fa88cb5134e9d6201250b1565b) Importer(815301076,1909f56bfc062723c751e8b465ee728b)
Start importing Assets/Importados/animalesBosque/talador/textures/bd62ec9eb662081e.jpeg using Guid(c1ee87fa88cb5134e9d6201250b1565b) Importer(815301076,1909f56bfc062723c751e8b465ee728b)  -> (artifact id: '5803201ca4cdc9d52ff5ee6dfcd903bc') in 0.017702 seconds 
========================================================================
Received Import Request.
  Time since last request: 0.000041 seconds.
  path: Assets/Importados/animalesBosque/talador/textures/26fb3b86e35935c7.png
  artifactKey: Guid(cad9a1808d839a04dba808de5c9d01b8) Importer(815301076,1909f56bfc062723c751e8b465ee728b)
Start importing Assets/Importados/animalesBosque/talador/textures/26fb3b86e35935c7.png using Guid(cad9a1808d839a04dba808de5c9d01b8) Importer(815301076,1909f56bfc062723c751e8b465ee728b)  -> (artifact id: '1d410885a164ffdaae8afb56fafa6ca9') in 0.012771 seconds 
========================================================================
Received Import Request.
  Time since last request: 0.000049 seconds.
  path: Assets/Importados/animalesBosque/talador/textures/e00065727c8c7bad.png
  artifactKey: Guid(df393bf11adb1584e98452f77cc94f09) Importer(815301076,1909f56bfc062723c751e8b465ee728b)
Start importing Assets/Importados/animalesBosque/talador/textures/e00065727c8c7bad.png using Guid(df393bf11adb1584e98452f77cc94f09) Importer(815301076,1909f56bfc062723c751e8b465ee728b)  -> (artifact id: '175bbfdd46852f2712196ee4c798aad5') in 0.017822 seconds 
Editor requested this worker to shutdown with reason: Scaling down because of idle timeout
AssetImportWorker is now disconnected from the server
Process exiting
Exiting without the bug reporter. Application will terminate with return code 0