Using pre-set license
Built from '2021.3/staging' branch; Version is '2021.3.22f1 (b6c551784ba3) revision 11978065'; Using compiler version '192829333'; Build Type 'Release'
OS: 'Windows 10  (10.0.19045) 64bit Core' Language: 'es' Physical Memory: 16173 MB
BatchMode: 1, IsHumanControllingUs: 0, StartBugReporterOnCrash: 0, Is64bit: 1, IsPro: 1

COMMAND LINE ARGUMENTS:
C:\Program Files\Unity\Hub\Editor\2021.3.22f1\Editor\Unity.exe
-adb2
-batchMode
-noUpm
-name
AssetImportWorker15
-projectPath
C:/Users/nando/Desktop/Nature Cuest/Juegos
-logFile
Logs/AssetImportWorker15.log
-srvPort
61294
Successfully changed project path to: C:/Users/nando/Desktop/Nature Cuest/Juegos
C:/Users/nando/Desktop/Nature Cuest/Juegos
[UnityMemory] Configuration Parameters - Can be set up in boot.config
    "memorysetup-bucket-allocator-granularity=16"
    "memorysetup-bucket-allocator-bucket-count=8"
    "memorysetup-bucket-allocator-block-size=33554432"
    "memorysetup-bucket-allocator-block-count=8"
    "memorysetup-main-allocator-block-size=16777216"
    "memorysetup-thread-allocator-block-size=16777216"
    "memorysetup-gfx-main-allocator-block-size=16777216"
    "memorysetup-gfx-thread-allocator-block-size=16777216"
    "memorysetup-cache-allocator-block-size=4194304"
    "memorysetup-typetree-allocator-block-size=2097152"
    "memorysetup-profiler-bucket-allocator-granularity=16"
    "memorysetup-profiler-bucket-allocator-bucket-count=8"
    "memorysetup-profiler-bucket-allocator-block-size=33554432"
    "memorysetup-profiler-bucket-allocator-block-count=8"
    "memorysetup-profiler-allocator-block-size=16777216"
    "memorysetup-profiler-editor-allocator-block-size=1048576"
    "memorysetup-temp-allocator-size-main=16777216"
    "memorysetup-job-temp-allocator-block-size=2097152"
    "memorysetup-job-temp-allocator-block-size-background=1048576"
    "memorysetup-job-temp-allocator-reduction-small-platforms=262144"
    "memorysetup-temp-allocator-size-background-worker=32768"
    "memorysetup-temp-allocator-size-job-worker=262144"
    "memorysetup-temp-allocator-size-preload-manager=33554432"
    "memorysetup-temp-allocator-size-nav-mesh-worker=65536"
    "memorysetup-temp-allocator-size-audio-worker=65536"
    "memorysetup-temp-allocator-size-cloud-worker=32768"
    "memorysetup-temp-allocator-size-gi-baking-worker=262144"
    "memorysetup-temp-allocator-size-gfx=262144"
Player connection [48708] Host "[IP] 192.168.56.1 [Port] 0 [Flags] 2 [Guid] 2025795374 [EditorId] 2025795374 [Version] 1048832 [Id] WindowsEditor(7,DESKTOP-0GL603C) [Debug] 1 [PackageName] WindowsEditor [ProjectName] Editor" joined multi-casting on [225.0.0.222:54997]...

Player connection [48708] Host "[IP] 192.168.56.1 [Port] 0 [Flags] 2 [Guid] 2025795374 [EditorId] 2025795374 [Version] 1048832 [Id] WindowsEditor(7,DESKTOP-0GL603C) [Debug] 1 [PackageName] WindowsEditor [ProjectName] Editor" joined alternative multi-casting on [225.0.0.222:34997]...

Refreshing native plugins compatible for Editor in 114.04 ms, found 3 plugins.
Preloading 0 native plugins for Editor in 0.00 ms.
Initialize engine version: 2021.3.22f1 (b6c551784ba3)
[Subsystems] Discovering subsystems at path C:/Program Files/Unity/Hub/Editor/2021.3.22f1/Editor/Data/Resources/UnitySubsystems
[Subsystems] Discovering subsystems at path C:/Users/nando/Desktop/Nature Cuest/Juegos/Assets
GfxDevice: creating device client; threaded=0; jobified=0
Direct3D:
    Version:  Direct3D 11.0 [level 11.1]
    Renderer: NVIDIA GeForce RTX 3060 Laptop GPU (ID=0x2520)
    Vendor:   NVIDIA
    VRAM:     6009 MB
    Driver:   31.0.15.3623
Initialize mono
Mono path[0] = 'C:/Program Files/Unity/Hub/Editor/2021.3.22f1/Editor/Data/Managed'
Mono path[1] = 'C:/Program Files/Unity/Hub/Editor/2021.3.22f1/Editor/Data/MonoBleedingEdge/lib/mono/unityjit-win32'
Mono config path = 'C:/Program Files/Unity/Hub/Editor/2021.3.22f1/Editor/Data/MonoBleedingEdge/etc'
Using monoOptions --debugger-agent=transport=dt_socket,embedding=1,server=y,suspend=n,address=127.0.0.1:56512
Begin MonoManager ReloadAssembly
Registering precompiled unity dll's ...
Register platform support module: C:/Program Files/Unity/Hub/Editor/2021.3.22f1/Editor/Data/PlaybackEngines/WindowsStandaloneSupport/UnityEditor.WindowsStandalone.Extensions.dll
Registered in 0.013590 seconds.
Native extension for WindowsStandalone target not found
Refreshing native plugins compatible for Editor in 105.81 ms, found 3 plugins.
Preloading 0 native plugins for Editor in 0.00 ms.
Mono: successfully reloaded assembly
- Completed reload, in  0.723 seconds
Domain Reload Profiling:
	ReloadAssembly (723ms)
		BeginReloadAssembly (113ms)
			ExecutionOrderSort (0ms)
			DisableScriptedObjects (0ms)
			BackupInstance (0ms)
			ReleaseScriptingObjects (0ms)
			CreateAndSetChildDomain (1ms)
		EndReloadAssembly (494ms)
			LoadAssemblies (108ms)
			RebuildTransferFunctionScriptingTraits (0ms)
			SetupTypeCache (113ms)
			ReleaseScriptCaches (0ms)
			RebuildScriptCaches (28ms)
			SetupLoadedEditorAssemblies (298ms)
				LogAssemblyErrors (0ms)
				InitializePlatformSupportModulesInManaged (9ms)
				SetLoadedEditorAssemblies (0ms)
				RefreshPlugins (106ms)
				BeforeProcessingInitializeOnLoad (1ms)
				ProcessInitializeOnLoadAttributes (135ms)
				ProcessInitializeOnLoadMethodAttributes (46ms)
				AfterProcessingInitializeOnLoad (0ms)
				EditorAssembliesLoaded (0ms)
			ExecutionOrderSort2 (0ms)
			AwakeInstancesAfterBackupRestoration (0ms)
Platform modules already initialized, skipping
Registering precompiled user dll's ...
Registered in 0.015242 seconds.
Begin MonoManager ReloadAssembly
Symbol file LoadedFromMemory doesn't match image C:\Users\nando\Desktop\Nature Cuest\Juegos\Library\PackageCache\com.unity.visualscripting@1.8.0\Editor\VisualScripting.Core\Dependencies\YamlDotNet\Unity.VisualScripting.YamlDotNet.dll
Symbol file LoadedFromMemory doesn't match image C:\Users\nando\Desktop\Nature Cuest\Juegos\Library\PackageCache\com.unity.visualscripting@1.8.0\Editor\VisualScripting.Core\Dependencies\DotNetZip\Unity.VisualScripting.IonicZip.dll
Native extension for WindowsStandalone target not found
Refreshing native plugins compatible for Editor in 1.88 ms, found 3 plugins.
Preloading 0 native plugins for Editor in 0.00 ms.
Mono: successfully reloaded assembly
- Completed reload, in  1.211 seconds
Domain Reload Profiling:
	ReloadAssembly (1211ms)
		BeginReloadAssembly (140ms)
			ExecutionOrderSort (0ms)
			DisableScriptedObjects (5ms)
			BackupInstance (0ms)
			ReleaseScriptingObjects (0ms)
			CreateAndSetChildDomain (17ms)
		EndReloadAssembly (941ms)
			LoadAssemblies (122ms)
			RebuildTransferFunctionScriptingTraits (0ms)
			SetupTypeCache (334ms)
			ReleaseScriptCaches (1ms)
			RebuildScriptCaches (61ms)
			SetupLoadedEditorAssemblies (398ms)
				LogAssemblyErrors (0ms)
				InitializePlatformSupportModulesInManaged (10ms)
				SetLoadedEditorAssemblies (1ms)
				RefreshPlugins (2ms)
				BeforeProcessingInitializeOnLoad (102ms)
				ProcessInitializeOnLoadAttributes (250ms)
				ProcessInitializeOnLoadMethodAttributes (19ms)
				AfterProcessingInitializeOnLoad (15ms)
				EditorAssembliesLoaded (0ms)
			ExecutionOrderSort2 (0ms)
			AwakeInstancesAfterBackupRestoration (7ms)
Platform modules already initialized, skipping
========================================================================
Worker process is ready to serve import requests
Launched and connected shader compiler UnityShaderCompiler.exe after 0.17 seconds
Refreshing native plugins compatible for Editor in 0.90 ms, found 3 plugins.
Preloading 0 native plugins for Editor in 0.00 ms.
Unloading 3126 Unused Serialized files (Serialized files now loaded: 0)
Unloading 26 unused Assets / (57.7 KB). Loaded Objects now: 3587.
Memory consumption went from 116.9 MB to 116.8 MB.
Total: 2.865300 ms (FindLiveObjects: 0.345700 ms CreateObjectMapping: 0.304300 ms MarkObjects: 2.138100 ms  DeleteObjects: 0.076100 ms)

AssetImportParameters requested are different than current active one (requested -> active):
  custom:video-decoder-ogg-theora: a1e56fd34408186e4bbccfd4996cb3dc -> 
  custom:container-muxer-webm: aa71ff27fc2769a1b78a27578f13a17b -> 
  custom:container-demuxer-webm: 4f35f7cbe854078d1ac9338744f61a02 -> 
  custom:video-encoder-webm-vp8: eb34c28f22e8b96e1ab97ce403110664 -> 
  custom:video-codec-MediaFoundation-h265: 746d11721c4dcdbdad8f713fa42b33f4 -> 
  custom:audio-encoder-webm-vorbis: bf7c407c2cedff20999df2af8eb42d56 -> 
  custom:framework-win-MediaFoundation: 216162199b28c13a410421893ffa2e32 -> 
  custom:container-demuxer-ogg: 62fdf1f143b41e24485cea50d1cbac27 -> 
  custom:video-decoder-webm-vp8: 9c59270c3fd7afecdb556c50c9e8de78 -> 
  custom:audio-decoder-ogg-vorbis: bf7c407c2cedff20999df2af8eb42d56 -> 
========================================================================
Received Import Request.
  Time since last request: 94577.885881 seconds.
  path: Assets/Importados/animalesBosque/zorro
  artifactKey: Guid(6bb680b8ead7e3144ad876b4cf25bf3b) Importer(815301076,1909f56bfc062723c751e8b465ee728b)
Start importing Assets/Importados/animalesBosque/zorro using Guid(6bb680b8ead7e3144ad876b4cf25bf3b) Importer(815301076,1909f56bfc062723c751e8b465ee728b)  -> (artifact id: '2abdc927b8b7a59e103809ef8883c65d') in 0.023932 seconds 
========================================================================
Received Import Request.
  Time since last request: 0.776396 seconds.
  path: Assets/Importados/animalesBosque/zorro/source
  artifactKey: Guid(1326a0b5089fc3c48b431360c28f64f4) Importer(815301076,1909f56bfc062723c751e8b465ee728b)
Start importing Assets/Importados/animalesBosque/zorro/source using Guid(1326a0b5089fc3c48b431360c28f64f4) Importer(815301076,1909f56bfc062723c751e8b465ee728b)  -> (artifact id: '6dd4f5e4103dd7163b5249f5e4b63b81') in 0.003177 seconds 
========================================================================
Received Import Request.
  Time since last request: 0.053861 seconds.
  path: Assets/Importados/animalesBosque/zorro/source/Fox_WakingUp.fbx
  artifactKey: Guid(41745617d674dc24bb20a9304267fc94) Importer(815301076,1909f56bfc062723c751e8b465ee728b)
Start importing Assets/Importados/animalesBosque/zorro/source/Fox_WakingUp.fbx using Guid(41745617d674dc24bb20a9304267fc94) Importer(815301076,1909f56bfc062723c751e8b465ee728b)  -> (artifact id: '6658d84fb368a983afe177a76bbd193c') in 0.188116 seconds 
========================================================================
Received Import Request.
  Time since last request: 62.694963 seconds.
  path: Assets/Importados/animalesBosque/zorro/textures
  artifactKey: Guid(5da516c7aeb8a5e46a05adb464595567) Importer(815301076,1909f56bfc062723c751e8b465ee728b)
Start importing Assets/Importados/animalesBosque/zorro/textures using Guid(5da516c7aeb8a5e46a05adb464595567) Importer(815301076,1909f56bfc062723c751e8b465ee728b)  -> (artifact id: 'bd1a3ecd837c5c5a51c88e7e48765a1d') in 0.003529 seconds 
========================================================================
Received Import Request.
  Time since last request: 0.713552 seconds.
  path: Assets/Importados/animalesBosque/zorro/textures/Fox_BaseColor.png
  artifactKey: Guid(15b31d5c88011014ca0cdb1f718c4857) Importer(815301076,1909f56bfc062723c751e8b465ee728b)
Start importing Assets/Importados/animalesBosque/zorro/textures/Fox_BaseColor.png using Guid(15b31d5c88011014ca0cdb1f718c4857) Importer(815301076,1909f56bfc062723c751e8b465ee728b)  -> (artifact id: '721d4638781bbadcbb3656e016c5057c') in 0.030419 seconds 
========================================================================
Received Import Request.
  Time since last request: 0.000020 seconds.
  path: Assets/Importados/animalesBosque/zorro/textures/Fox_S.TGA.png
  artifactKey: Guid(1693451d8bcfc9f49b9124195bdc248c) Importer(815301076,1909f56bfc062723c751e8b465ee728b)
Start importing Assets/Importados/animalesBosque/zorro/textures/Fox_S.TGA.png using Guid(1693451d8bcfc9f49b9124195bdc248c) Importer(815301076,1909f56bfc062723c751e8b465ee728b)  -> (artifact id: 'caba6a4b45e483da0b041ced078e02dd') in 0.011838 seconds 
========================================================================
Received Import Request.
  Time since last request: 0.000039 seconds.
  path: Assets/Importados/animalesBosque/zorro/textures/Fox_R.TGA.png
  artifactKey: Guid(c8427dc3651567d4cbdc66b534601e70) Importer(815301076,1909f56bfc062723c751e8b465ee728b)
Start importing Assets/Importados/animalesBosque/zorro/textures/Fox_R.TGA.png using Guid(c8427dc3651567d4cbdc66b534601e70) Importer(815301076,1909f56bfc062723c751e8b465ee728b)  -> (artifact id: 'bef21989a44568496104c9e6010af81c') in 0.016525 seconds 
========================================================================
Received Import Request.
  Time since last request: 423.042596 seconds.
  path: Assets/Importados/animalesBosque/pajaroVolando
  artifactKey: Guid(bdf2d0c658111e0449cb304bc326b4df) Importer(815301076,1909f56bfc062723c751e8b465ee728b)
Start importing Assets/Importados/animalesBosque/pajaroVolando using Guid(bdf2d0c658111e0449cb304bc326b4df) Importer(815301076,1909f56bfc062723c751e8b465ee728b)  -> (artifact id: '3d8598d55b9d8c4775df8463cf8451e1') in 0.003576 seconds 
========================================================================
Received Import Request.
  Time since last request: 2.556126 seconds.
  path: Assets/Importados/animalesBosque/pajaroVolando/source
  artifactKey: Guid(f7d5d237b736d8048910cb9825e7ece3) Importer(815301076,1909f56bfc062723c751e8b465ee728b)
Start importing Assets/Importados/animalesBosque/pajaroVolando/source using Guid(f7d5d237b736d8048910cb9825e7ece3) Importer(815301076,1909f56bfc062723c751e8b465ee728b)  -> (artifact id: '8e2738c269d305b2853042fdf0cc4c55') in 0.002647 seconds 
========================================================================
Received Import Request.
  Time since last request: 0.058963 seconds.
  path: Assets/Importados/animalesBosque/pajaroVolando/source/bird_animations (2).fbx
  artifactKey: Guid(2b024e99126b25543869c2e42dd86227) Importer(815301076,1909f56bfc062723c751e8b465ee728b)
Start importing Assets/Importados/animalesBosque/pajaroVolando/source/bird_animations (2).fbx using Guid(2b024e99126b25543869c2e42dd86227) Importer(815301076,1909f56bfc062723c751e8b465ee728b)  -> (artifact id: '316b679aa411adb25606d0a3299b7b70') in 0.170619 seconds 
========================================================================
Received Import Request.
  Time since last request: 14.834360 seconds.
  path: Assets/Importados/animalesBosque/pajaroVolando/textures
  artifactKey: Guid(8166ef8a0bfba064a97f9a6da5eead63) Importer(815301076,1909f56bfc062723c751e8b465ee728b)
Start importing Assets/Importados/animalesBosque/pajaroVolando/textures using Guid(8166ef8a0bfba064a97f9a6da5eead63) Importer(815301076,1909f56bfc062723c751e8b465ee728b)  -> (artifact id: '4c8bd24488120f55e9ee45f865294107') in 0.003653 seconds 
========================================================================
Received Import Request.
  Time since last request: 0.414895 seconds.
  path: Assets/Importados/animalesBosque/pajaroVolando/textures/body_Base_color_alpha.png
  artifactKey: Guid(8bf0ac3a7be21374c9fd58f78bda83f0) Importer(815301076,1909f56bfc062723c751e8b465ee728b)
Start importing Assets/Importados/animalesBosque/pajaroVolando/textures/body_Base_color_alpha.png using Guid(8bf0ac3a7be21374c9fd58f78bda83f0) Importer(815301076,1909f56bfc062723c751e8b465ee728b)  -> (artifact id: '1f279ebefcc87319faf68e9ef8e7a787') in 0.027960 seconds 
========================================================================
Received Prepare
Registering precompiled user dll's ...
Registered in 0.021680 seconds.
Begin MonoManager ReloadAssembly
Symbol file LoadedFromMemory doesn't match image C:\Users\nando\Desktop\Nature Cuest\Juegos\Library\PackageCache\com.unity.visualscripting@1.8.0\Editor\VisualScripting.Core\Dependencies\YamlDotNet\Unity.VisualScripting.YamlDotNet.dll
Symbol file LoadedFromMemory doesn't match image C:\Users\nando\Desktop\Nature Cuest\Juegos\Library\PackageCache\com.unity.visualscripting@1.8.0\Editor\VisualScripting.Core\Dependencies\DotNetZip\Unity.VisualScripting.IonicZip.dll
Native extension for WindowsStandalone target not found
Refreshing native plugins compatible for Editor in 1.11 ms, found 3 plugins.
Preloading 0 native plugins for Editor in 0.00 ms.
Mono: successfully reloaded assembly
- Completed reload, in  1.383 seconds
Domain Reload Profiling:
	ReloadAssembly (1384ms)
		BeginReloadAssembly (243ms)
			ExecutionOrderSort (0ms)
			DisableScriptedObjects (7ms)
			BackupInstance (0ms)
			ReleaseScriptingObjects (0ms)
			CreateAndSetChildDomain (88ms)
		EndReloadAssembly (989ms)
			LoadAssemblies (147ms)
			RebuildTransferFunctionScriptingTraits (0ms)
			SetupTypeCache (411ms)
			ReleaseScriptCaches (1ms)
			RebuildScriptCaches (50ms)
			SetupLoadedEditorAssemblies (357ms)
				LogAssemblyErrors (0ms)
				InitializePlatformSupportModulesInManaged (8ms)
				SetLoadedEditorAssemblies (1ms)
				RefreshPlugins (1ms)
				BeforeProcessingInitializeOnLoad (83ms)
				ProcessInitializeOnLoadAttributes (225ms)
				ProcessInitializeOnLoadMethodAttributes (21ms)
				AfterProcessingInitializeOnLoad (17ms)
				EditorAssembliesLoaded (0ms)
			ExecutionOrderSort2 (0ms)
			AwakeInstancesAfterBackupRestoration (9ms)
Platform modules already initialized, skipping
Refreshing native plugins compatible for Editor in 3.53 ms, found 3 plugins.
Preloading 0 native plugins for Editor in 0.00 ms.
Unloading 3099 Unused Serialized files (Serialized files now loaded: 0)
Unloading 19 unused Assets / (24.7 KB). Loaded Objects now: 3638.
Memory consumption went from 131.6 MB to 131.6 MB.
Total: 3.614600 ms (FindLiveObjects: 0.299600 ms CreateObjectMapping: 0.185700 ms MarkObjects: 3.081400 ms  DeleteObjects: 0.045900 ms)

AssetImportParameters requested are different than current active one (requested -> active):
  custom:video-decoder-ogg-theora: a1e56fd34408186e4bbccfd4996cb3dc -> 
  custom:container-muxer-webm: aa71ff27fc2769a1b78a27578f13a17b -> 
  custom:container-demuxer-webm: 4f35f7cbe854078d1ac9338744f61a02 -> 
  custom:video-encoder-webm-vp8: eb34c28f22e8b96e1ab97ce403110664 -> 
  custom:video-codec-MediaFoundation-h265: 746d11721c4dcdbdad8f713fa42b33f4 -> 
  custom:audio-encoder-webm-vorbis: bf7c407c2cedff20999df2af8eb42d56 -> 
  custom:framework-win-MediaFoundation: 216162199b28c13a410421893ffa2e32 -> 
  custom:container-demuxer-ogg: 62fdf1f143b41e24485cea50d1cbac27 -> 
  custom:video-decoder-webm-vp8: 9c59270c3fd7afecdb556c50c9e8de78 -> 
  custom:audio-decoder-ogg-vorbis: bf7c407c2cedff20999df2af8eb42d56 -> 
========================================================================
Received Prepare
Registering precompiled user dll's ...
Registered in 0.018919 seconds.
Begin MonoManager ReloadAssembly
Symbol file LoadedFromMemory doesn't match image C:\Users\nando\Desktop\Nature Cuest\Juegos\Library\PackageCache\com.unity.visualscripting@1.8.0\Editor\VisualScripting.Core\Dependencies\YamlDotNet\Unity.VisualScripting.YamlDotNet.dll
Symbol file LoadedFromMemory doesn't match image C:\Users\nando\Desktop\Nature Cuest\Juegos\Library\PackageCache\com.unity.visualscripting@1.8.0\Editor\VisualScripting.Core\Dependencies\DotNetZip\Unity.VisualScripting.IonicZip.dll
Native extension for WindowsStandalone target not found
Refreshing native plugins compatible for Editor in 1.15 ms, found 3 plugins.
Preloading 0 native plugins for Editor in 0.00 ms.
Mono: successfully reloaded assembly
- Completed reload, in  1.146 seconds
Domain Reload Profiling:
	ReloadAssembly (1146ms)
		BeginReloadAssembly (162ms)
			ExecutionOrderSort (0ms)
			DisableScriptedObjects (5ms)
			BackupInstance (0ms)
			ReleaseScriptingObjects (0ms)
			CreateAndSetChildDomain (33ms)
		EndReloadAssembly (867ms)
			LoadAssemblies (119ms)
			RebuildTransferFunctionScriptingTraits (0ms)
			SetupTypeCache (289ms)
			ReleaseScriptCaches (2ms)
			RebuildScriptCaches (49ms)
			SetupLoadedEditorAssemblies (378ms)
				LogAssemblyErrors (0ms)
				InitializePlatformSupportModulesInManaged (8ms)
				SetLoadedEditorAssemblies (0ms)
				RefreshPlugins (1ms)
				BeforeProcessingInitializeOnLoad (86ms)
				ProcessInitializeOnLoadAttributes (242ms)
				ProcessInitializeOnLoadMethodAttributes (22ms)
				AfterProcessingInitializeOnLoad (18ms)
				EditorAssembliesLoaded (0ms)
			ExecutionOrderSort2 (0ms)
			AwakeInstancesAfterBackupRestoration (11ms)
Platform modules already initialized, skipping
Refreshing native plugins compatible for Editor in 4.39 ms, found 3 plugins.
Preloading 0 native plugins for Editor in 0.00 ms.
Unloading 3099 Unused Serialized files (Serialized files now loaded: 0)
Unloading 19 unused Assets / (24.8 KB). Loaded Objects now: 3641.
Memory consumption went from 131.6 MB to 131.6 MB.
Total: 4.050300 ms (FindLiveObjects: 0.314700 ms CreateObjectMapping: 0.252600 ms MarkObjects: 3.295300 ms  DeleteObjects: 0.184400 ms)

AssetImportParameters requested are different than current active one (requested -> active):
  custom:video-decoder-ogg-theora: a1e56fd34408186e4bbccfd4996cb3dc -> 
  custom:container-muxer-webm: aa71ff27fc2769a1b78a27578f13a17b -> 
  custom:container-demuxer-webm: 4f35f7cbe854078d1ac9338744f61a02 -> 
  custom:video-encoder-webm-vp8: eb34c28f22e8b96e1ab97ce403110664 -> 
  custom:video-codec-MediaFoundation-h265: 746d11721c4dcdbdad8f713fa42b33f4 -> 
  custom:audio-encoder-webm-vorbis: bf7c407c2cedff20999df2af8eb42d56 -> 
  custom:framework-win-MediaFoundation: 216162199b28c13a410421893ffa2e32 -> 
  custom:container-demuxer-ogg: 62fdf1f143b41e24485cea50d1cbac27 -> 
  custom:video-decoder-webm-vp8: 9c59270c3fd7afecdb556c50c9e8de78 -> 
  custom:audio-decoder-ogg-vorbis: bf7c407c2cedff20999df2af8eb42d56 -> 
========================================================================
Received Prepare
Registering precompiled user dll's ...
Registered in 0.020516 seconds.
Begin MonoManager ReloadAssembly
Symbol file LoadedFromMemory doesn't match image C:\Users\nando\Desktop\Nature Cuest\Juegos\Library\PackageCache\com.unity.visualscripting@1.8.0\Editor\VisualScripting.Core\Dependencies\YamlDotNet\Unity.VisualScripting.YamlDotNet.dll
Symbol file LoadedFromMemory doesn't match image C:\Users\nando\Desktop\Nature Cuest\Juegos\Library\PackageCache\com.unity.visualscripting@1.8.0\Editor\VisualScripting.Core\Dependencies\DotNetZip\Unity.VisualScripting.IonicZip.dll
Native extension for WindowsStandalone target not found
Refreshing native plugins compatible for Editor in 1.14 ms, found 3 plugins.
Preloading 0 native plugins for Editor in 0.00 ms.
Mono: successfully reloaded assembly
- Completed reload, in  1.281 seconds
Domain Reload Profiling:
	ReloadAssembly (1282ms)
		BeginReloadAssembly (165ms)
			ExecutionOrderSort (0ms)
			DisableScriptedObjects (6ms)
			BackupInstance (0ms)
			ReleaseScriptingObjects (0ms)
			CreateAndSetChildDomain (30ms)
		EndReloadAssembly (983ms)
			LoadAssemblies (134ms)
			RebuildTransferFunctionScriptingTraits (0ms)
			SetupTypeCache (314ms)
			ReleaseScriptCaches (1ms)
			RebuildScriptCaches (59ms)
			SetupLoadedEditorAssemblies (444ms)
				LogAssemblyErrors (0ms)
				InitializePlatformSupportModulesInManaged (12ms)
				SetLoadedEditorAssemblies (1ms)
				RefreshPlugins (1ms)
				BeforeProcessingInitializeOnLoad (95ms)
				ProcessInitializeOnLoadAttributes (294ms)
				ProcessInitializeOnLoadMethodAttributes (23ms)
				AfterProcessingInitializeOnLoad (18ms)
				EditorAssembliesLoaded (0ms)
			ExecutionOrderSort2 (0ms)
			AwakeInstancesAfterBackupRestoration (8ms)
Platform modules already initialized, skipping
Refreshing native plugins compatible for Editor in 3.42 ms, found 3 plugins.
Preloading 0 native plugins for Editor in 0.00 ms.
Unloading 3099 Unused Serialized files (Serialized files now loaded: 0)
Unloading 19 unused Assets / (24.7 KB). Loaded Objects now: 3644.
Memory consumption went from 131.6 MB to 131.6 MB.
Total: 3.085100 ms (FindLiveObjects: 0.303700 ms CreateObjectMapping: 0.197300 ms MarkObjects: 2.556600 ms  DeleteObjects: 0.026400 ms)

AssetImportParameters requested are different than current active one (requested -> active):
  custom:video-decoder-ogg-theora: a1e56fd34408186e4bbccfd4996cb3dc -> 
  custom:container-muxer-webm: aa71ff27fc2769a1b78a27578f13a17b -> 
  custom:container-demuxer-webm: 4f35f7cbe854078d1ac9338744f61a02 -> 
  custom:video-encoder-webm-vp8: eb34c28f22e8b96e1ab97ce403110664 -> 
  custom:video-codec-MediaFoundation-h265: 746d11721c4dcdbdad8f713fa42b33f4 -> 
  custom:audio-encoder-webm-vorbis: bf7c407c2cedff20999df2af8eb42d56 -> 
  custom:framework-win-MediaFoundation: 216162199b28c13a410421893ffa2e32 -> 
  custom:container-demuxer-ogg: 62fdf1f143b41e24485cea50d1cbac27 -> 
  custom:video-decoder-webm-vp8: 9c59270c3fd7afecdb556c50c9e8de78 -> 
  custom:audio-decoder-ogg-vorbis: bf7c407c2cedff20999df2af8eb42d56 -> 
========================================================================
Received Import Request.
  Time since last request: 1170.163624 seconds.
  path: Assets/Importados/arbolesQuemados
  artifactKey: Guid(db6c6d777f22737489bf8d0d6d640e27) Importer(815301076,1909f56bfc062723c751e8b465ee728b)
Start importing Assets/Importados/arbolesQuemados using Guid(db6c6d777f22737489bf8d0d6d640e27) Importer(815301076,1909f56bfc062723c751e8b465ee728b)  -> (artifact id: 'a6a3e4db460da29354e00f75b9cc8876') in 0.009989 seconds 
========================================================================
Received Import Request.
  Time since last request: 1.106957 seconds.
  path: Assets/Importados/arbolesQuemados/arbolQuemado1
  artifactKey: Guid(8a1dabea2e4ea9243bf0d3b65ec8e8b2) Importer(815301076,1909f56bfc062723c751e8b465ee728b)
Start importing Assets/Importados/arbolesQuemados/arbolQuemado1 using Guid(8a1dabea2e4ea9243bf0d3b65ec8e8b2) Importer(815301076,1909f56bfc062723c751e8b465ee728b)  -> (artifact id: '79489d9ff040ab4d38e5768e5a0e6bd1') in 0.003372 seconds 
========================================================================
Received Import Request.
  Time since last request: 0.748012 seconds.
  path: Assets/Importados/arbolesQuemados/arbolQuemado1/source
  artifactKey: Guid(15a506b5fb9b23346a5e91705cd5a636) Importer(815301076,1909f56bfc062723c751e8b465ee728b)
Start importing Assets/Importados/arbolesQuemados/arbolQuemado1/source using Guid(15a506b5fb9b23346a5e91705cd5a636) Importer(815301076,1909f56bfc062723c751e8b465ee728b)  -> (artifact id: 'd3397918f5bf0379279133ec822013a1') in 0.002639 seconds 
========================================================================
Received Import Request.
  Time since last request: 0.626996 seconds.
  path: Assets/Importados/arbolesQuemados/arbolQuemado1/source/tree low poly.fbx
  artifactKey: Guid(015eb65313d498b43b90650f0f9397f2) Importer(815301076,1909f56bfc062723c751e8b465ee728b)
Start importing Assets/Importados/arbolesQuemados/arbolQuemado1/source/tree low poly.fbx using Guid(015eb65313d498b43b90650f0f9397f2) Importer(815301076,1909f56bfc062723c751e8b465ee728b)  -> (artifact id: '14a8031d280c6315f5aba4b41ff07b27') in 0.113167 seconds 
========================================================================
Received Prepare
Registering precompiled user dll's ...
Registered in 0.024959 seconds.
Begin MonoManager ReloadAssembly
Symbol file LoadedFromMemory doesn't match image C:\Users\nando\Desktop\Nature Cuest\Juegos\Library\PackageCache\com.unity.visualscripting@1.8.0\Editor\VisualScripting.Core\Dependencies\YamlDotNet\Unity.VisualScripting.YamlDotNet.dll
Symbol file LoadedFromMemory doesn't match image C:\Users\nando\Desktop\Nature Cuest\Juegos\Library\PackageCache\com.unity.visualscripting@1.8.0\Editor\VisualScripting.Core\Dependencies\DotNetZip\Unity.VisualScripting.IonicZip.dll
Native extension for WindowsStandalone target not found
Refreshing native plugins compatible for Editor in 1.11 ms, found 3 plugins.
Preloading 0 native plugins for Editor in 0.00 ms.
Mono: successfully reloaded assembly
- Completed reload, in  1.177 seconds
Domain Reload Profiling:
	ReloadAssembly (1178ms)
		BeginReloadAssembly (167ms)
			ExecutionOrderSort (0ms)
			DisableScriptedObjects (4ms)
			BackupInstance (0ms)
			ReleaseScriptingObjects (0ms)
			CreateAndSetChildDomain (40ms)
		EndReloadAssembly (894ms)
			LoadAssemblies (122ms)
			RebuildTransferFunctionScriptingTraits (0ms)
			SetupTypeCache (310ms)
			ReleaseScriptCaches (1ms)
			RebuildScriptCaches (43ms)
			SetupLoadedEditorAssemblies (387ms)
				LogAssemblyErrors (0ms)
				InitializePlatformSupportModulesInManaged (8ms)
				SetLoadedEditorAssemblies (0ms)
				RefreshPlugins (1ms)
				BeforeProcessingInitializeOnLoad (97ms)
				ProcessInitializeOnLoadAttributes (242ms)
				ProcessInitializeOnLoadMethodAttributes (22ms)
				AfterProcessingInitializeOnLoad (16ms)
				EditorAssembliesLoaded (0ms)
			ExecutionOrderSort2 (0ms)
			AwakeInstancesAfterBackupRestoration (9ms)
Platform modules already initialized, skipping
Refreshing native plugins compatible for Editor in 3.42 ms, found 3 plugins.
Preloading 0 native plugins for Editor in 0.00 ms.
Unloading 3099 Unused Serialized files (Serialized files now loaded: 0)
Unloading 19 unused Assets / (24.6 KB). Loaded Objects now: 3648.
Memory consumption went from 131.6 MB to 131.6 MB.
Total: 3.706600 ms (FindLiveObjects: 0.435400 ms CreateObjectMapping: 0.288200 ms MarkObjects: 2.950600 ms  DeleteObjects: 0.031200 ms)

AssetImportParameters requested are different than current active one (requested -> active):
  custom:video-decoder-ogg-theora: a1e56fd34408186e4bbccfd4996cb3dc -> 
  custom:container-muxer-webm: aa71ff27fc2769a1b78a27578f13a17b -> 
  custom:container-demuxer-webm: 4f35f7cbe854078d1ac9338744f61a02 -> 
  custom:video-encoder-webm-vp8: eb34c28f22e8b96e1ab97ce403110664 -> 
  custom:video-codec-MediaFoundation-h265: 746d11721c4dcdbdad8f713fa42b33f4 -> 
  custom:audio-encoder-webm-vorbis: bf7c407c2cedff20999df2af8eb42d56 -> 
  custom:framework-win-MediaFoundation: 216162199b28c13a410421893ffa2e32 -> 
  custom:container-demuxer-ogg: 62fdf1f143b41e24485cea50d1cbac27 -> 
  custom:video-decoder-webm-vp8: 9c59270c3fd7afecdb556c50c9e8de78 -> 
  custom:audio-decoder-ogg-vorbis: bf7c407c2cedff20999df2af8eb42d56 -> 
