Using pre-set license
Built from '2021.3/staging' branch; Version is '2021.3.22f1 (b6c551784ba3) revision 11978065'; Using compiler version '192829333'; Build Type 'Release'
OS: 'Windows 10  (10.0.19045) 64bit Core' Language: 'es' Physical Memory: 16173 MB
BatchMode: 1, IsHumanControllingUs: 0, StartBugReporterOnCrash: 0, Is64bit: 1, IsPro: 1

COMMAND LINE ARGUMENTS:
C:\Program Files\Unity\Hub\Editor\2021.3.22f1\Editor\Unity.exe
-adb2
-batchMode
-noUpm
-name
AssetImportWorker4
-projectPath
C:/Users/nando/Desktop/Nature Cuest/Juegos
-logFile
Logs/AssetImportWorker4.log
-srvPort
61294
Successfully changed project path to: C:/Users/nando/Desktop/Nature Cuest/Juegos
C:/Users/nando/Desktop/Nature Cuest/Juegos
[UnityMemory] Configuration Parameters - Can be set up in boot.config
    "memorysetup-bucket-allocator-granularity=16"
    "memorysetup-bucket-allocator-bucket-count=8"
    "memorysetup-bucket-allocator-block-size=33554432"
    "memorysetup-bucket-allocator-block-count=8"
    "memorysetup-main-allocator-block-size=16777216"
    "memorysetup-thread-allocator-block-size=16777216"
    "memorysetup-gfx-main-allocator-block-size=16777216"
    "memorysetup-gfx-thread-allocator-block-size=16777216"
    "memorysetup-cache-allocator-block-size=4194304"
    "memorysetup-typetree-allocator-block-size=2097152"
    "memorysetup-profiler-bucket-allocator-granularity=16"
    "memorysetup-profiler-bucket-allocator-bucket-count=8"
    "memorysetup-profiler-bucket-allocator-block-size=33554432"
    "memorysetup-profiler-bucket-allocator-block-count=8"
    "memorysetup-profiler-allocator-block-size=16777216"
    "memorysetup-profiler-editor-allocator-block-size=1048576"
    "memorysetup-temp-allocator-size-main=16777216"
    "memorysetup-job-temp-allocator-block-size=2097152"
    "memorysetup-job-temp-allocator-block-size-background=1048576"
    "memorysetup-job-temp-allocator-reduction-small-platforms=262144"
    "memorysetup-temp-allocator-size-background-worker=32768"
    "memorysetup-temp-allocator-size-job-worker=262144"
    "memorysetup-temp-allocator-size-preload-manager=33554432"
    "memorysetup-temp-allocator-size-nav-mesh-worker=65536"
    "memorysetup-temp-allocator-size-audio-worker=65536"
    "memorysetup-temp-allocator-size-cloud-worker=32768"
    "memorysetup-temp-allocator-size-gi-baking-worker=262144"
    "memorysetup-temp-allocator-size-gfx=262144"
Player connection [43952] Host "[IP] 192.168.56.1 [Port] 0 [Flags] 2 [Guid] 405803474 [EditorId] 405803474 [Version] 1048832 [Id] WindowsEditor(7,DESKTOP-0GL603C) [Debug] 1 [PackageName] WindowsEditor [ProjectName] Editor" joined multi-casting on [225.0.0.222:54997]...

Player connection [43952] Host "[IP] 192.168.56.1 [Port] 0 [Flags] 2 [Guid] 405803474 [EditorId] 405803474 [Version] 1048832 [Id] WindowsEditor(7,DESKTOP-0GL603C) [Debug] 1 [PackageName] WindowsEditor [ProjectName] Editor" joined alternative multi-casting on [225.0.0.222:34997]...

Refreshing native plugins compatible for Editor in 112.05 ms, found 3 plugins.
Preloading 0 native plugins for Editor in 0.00 ms.
Initialize engine version: 2021.3.22f1 (b6c551784ba3)
[Subsystems] Discovering subsystems at path C:/Program Files/Unity/Hub/Editor/2021.3.22f1/Editor/Data/Resources/UnitySubsystems
[Subsystems] Discovering subsystems at path C:/Users/nando/Desktop/Nature Cuest/Juegos/Assets
GfxDevice: creating device client; threaded=0; jobified=0
Direct3D:
    Version:  Direct3D 11.0 [level 11.1]
    Renderer: NVIDIA GeForce RTX 3060 Laptop GPU (ID=0x2520)
    Vendor:   NVIDIA
    VRAM:     6009 MB
    Driver:   31.0.15.3623
Initialize mono
Mono path[0] = 'C:/Program Files/Unity/Hub/Editor/2021.3.22f1/Editor/Data/Managed'
Mono path[1] = 'C:/Program Files/Unity/Hub/Editor/2021.3.22f1/Editor/Data/MonoBleedingEdge/lib/mono/unityjit-win32'
Mono config path = 'C:/Program Files/Unity/Hub/Editor/2021.3.22f1/Editor/Data/MonoBleedingEdge/etc'
Using monoOptions --debugger-agent=transport=dt_socket,embedding=1,server=y,suspend=n,address=127.0.0.1:56900
Begin MonoManager ReloadAssembly
Registering precompiled unity dll's ...
Register platform support module: C:/Program Files/Unity/Hub/Editor/2021.3.22f1/Editor/Data/PlaybackEngines/WindowsStandaloneSupport/UnityEditor.WindowsStandalone.Extensions.dll
Registered in 0.012093 seconds.
Native extension for WindowsStandalone target not found
Refreshing native plugins compatible for Editor in 102.71 ms, found 3 plugins.
Preloading 0 native plugins for Editor in 0.00 ms.
Mono: successfully reloaded assembly
- Completed reload, in  0.751 seconds
Domain Reload Profiling:
	ReloadAssembly (752ms)
		BeginReloadAssembly (149ms)
			ExecutionOrderSort (0ms)
			DisableScriptedObjects (0ms)
			BackupInstance (0ms)
			ReleaseScriptingObjects (0ms)
			CreateAndSetChildDomain (1ms)
		EndReloadAssembly (485ms)
			LoadAssemblies (142ms)
			RebuildTransferFunctionScriptingTraits (0ms)
			SetupTypeCache (107ms)
			ReleaseScriptCaches (0ms)
			RebuildScriptCaches (28ms)
			SetupLoadedEditorAssemblies (295ms)
				LogAssemblyErrors (0ms)
				InitializePlatformSupportModulesInManaged (9ms)
				SetLoadedEditorAssemblies (0ms)
				RefreshPlugins (103ms)
				BeforeProcessingInitializeOnLoad (1ms)
				ProcessInitializeOnLoadAttributes (134ms)
				ProcessInitializeOnLoadMethodAttributes (48ms)
				AfterProcessingInitializeOnLoad (0ms)
				EditorAssembliesLoaded (0ms)
			ExecutionOrderSort2 (0ms)
			AwakeInstancesAfterBackupRestoration (0ms)
Platform modules already initialized, skipping
Registering precompiled user dll's ...
Registered in 0.016592 seconds.
Begin MonoManager ReloadAssembly
Symbol file LoadedFromMemory doesn't match image C:\Users\nando\Desktop\Nature Cuest\Juegos\Library\PackageCache\com.unity.visualscripting@1.8.0\Editor\VisualScripting.Core\Dependencies\YamlDotNet\Unity.VisualScripting.YamlDotNet.dll
Symbol file LoadedFromMemory doesn't match image C:\Users\nando\Desktop\Nature Cuest\Juegos\Library\PackageCache\com.unity.visualscripting@1.8.0\Editor\VisualScripting.Core\Dependencies\DotNetZip\Unity.VisualScripting.IonicZip.dll
Native extension for WindowsStandalone target not found
Refreshing native plugins compatible for Editor in 0.86 ms, found 3 plugins.
Preloading 0 native plugins for Editor in 0.00 ms.
Mono: successfully reloaded assembly
- Completed reload, in  1.132 seconds
Domain Reload Profiling:
	ReloadAssembly (1133ms)
		BeginReloadAssembly (142ms)
			ExecutionOrderSort (0ms)
			DisableScriptedObjects (5ms)
			BackupInstance (0ms)
			ReleaseScriptingObjects (0ms)
			CreateAndSetChildDomain (17ms)
		EndReloadAssembly (855ms)
			LoadAssemblies (131ms)
			RebuildTransferFunctionScriptingTraits (0ms)
			SetupTypeCache (289ms)
			ReleaseScriptCaches (1ms)
			RebuildScriptCaches (48ms)
			SetupLoadedEditorAssemblies (359ms)
				LogAssemblyErrors (0ms)
				InitializePlatformSupportModulesInManaged (7ms)
				SetLoadedEditorAssemblies (0ms)
				RefreshPlugins (1ms)
				BeforeProcessingInitializeOnLoad (88ms)
				ProcessInitializeOnLoadAttributes (230ms)
				ProcessInitializeOnLoadMethodAttributes (17ms)
				AfterProcessingInitializeOnLoad (15ms)
				EditorAssembliesLoaded (0ms)
			ExecutionOrderSort2 (0ms)
			AwakeInstancesAfterBackupRestoration (7ms)
Platform modules already initialized, skipping
========================================================================
Worker process is ready to serve import requests
Launched and connected shader compiler UnityShaderCompiler.exe after 0.08 seconds
Refreshing native plugins compatible for Editor in 2.16 ms, found 3 plugins.
Preloading 0 native plugins for Editor in 0.00 ms.
Unloading 3126 Unused Serialized files (Serialized files now loaded: 0)
Unloading 26 unused Assets / (57.9 KB). Loaded Objects now: 3587.
Memory consumption went from 116.8 MB to 116.8 MB.
Total: 5.985100 ms (FindLiveObjects: 0.328200 ms CreateObjectMapping: 0.301600 ms MarkObjects: 5.233300 ms  DeleteObjects: 0.121000 ms)

AssetImportParameters requested are different than current active one (requested -> active):
  custom:video-decoder-ogg-theora: a1e56fd34408186e4bbccfd4996cb3dc -> 
  custom:container-muxer-webm: aa71ff27fc2769a1b78a27578f13a17b -> 
  custom:container-demuxer-webm: 4f35f7cbe854078d1ac9338744f61a02 -> 
  custom:video-encoder-webm-vp8: eb34c28f22e8b96e1ab97ce403110664 -> 
  custom:video-codec-MediaFoundation-h265: 746d11721c4dcdbdad8f713fa42b33f4 -> 
  custom:audio-encoder-webm-vorbis: bf7c407c2cedff20999df2af8eb42d56 -> 
  custom:framework-win-MediaFoundation: 216162199b28c13a410421893ffa2e32 -> 
  custom:container-demuxer-ogg: 62fdf1f143b41e24485cea50d1cbac27 -> 
  custom:video-decoder-webm-vp8: 9c59270c3fd7afecdb556c50c9e8de78 -> 
  custom:audio-decoder-ogg-vorbis: bf7c407c2cedff20999df2af8eb42d56 -> 
========================================================================
Received Import Request.
  Time since last request: 80638.926799 seconds.
  path: Assets/Importados/conejo
  artifactKey: Guid(f48bdf23b297ad8469a5faa6b6a700d8) Importer(815301076,1909f56bfc062723c751e8b465ee728b)
Start importing Assets/Importados/conejo using Guid(f48bdf23b297ad8469a5faa6b6a700d8) Importer(815301076,1909f56bfc062723c751e8b465ee728b)  -> (artifact id: '4956bf163c08073fd815115cb008683c') in 0.011184 seconds 
========================================================================
Received Import Request.
  Time since last request: 2.024942 seconds.
  path: Assets/Importados/conejo/source
  artifactKey: Guid(a27f7b99d0b740941882b636eee2aad8) Importer(815301076,1909f56bfc062723c751e8b465ee728b)
Start importing Assets/Importados/conejo/source using Guid(a27f7b99d0b740941882b636eee2aad8) Importer(815301076,1909f56bfc062723c751e8b465ee728b)  -> (artifact id: 'f2ded1f1b53b2e1d64c5bcdecc720717') in 0.004567 seconds 
========================================================================
Received Import Request.
  Time since last request: 0.911391 seconds.
  path: Assets/Importados/conejo/source/d1012a1783a4432883971dd6c23c0154.zip
  artifactKey: Guid(a72e743b8ad58cf43ace1c548d3d36f1) Importer(815301076,1909f56bfc062723c751e8b465ee728b)
Start importing Assets/Importados/conejo/source/d1012a1783a4432883971dd6c23c0154.zip using Guid(a72e743b8ad58cf43ace1c548d3d36f1) Importer(815301076,1909f56bfc062723c751e8b465ee728b)  -> (artifact id: '2f4140594e39b8019eb23370679d493c') in 0.037251 seconds 
========================================================================
Received Import Request.
  Time since last request: 40.987049 seconds.
  path: Assets/Importados/conejo/source/d1012a1783a4432883971dd6c23c0154
  artifactKey: Guid(a2476f7b061272042948410196184842) Importer(815301076,1909f56bfc062723c751e8b465ee728b)
Start importing Assets/Importados/conejo/source/d1012a1783a4432883971dd6c23c0154 using Guid(a2476f7b061272042948410196184842) Importer(815301076,1909f56bfc062723c751e8b465ee728b)  -> (artifact id: '1816cf5fcc781b9823aacbbff0fc35cb') in 0.002660 seconds 
========================================================================
Received Import Request.
  Time since last request: 0.052586 seconds.
  path: Assets/Importados/conejo/source/d1012a1783a4432883971dd6c23c0154/model.obj
  artifactKey: Guid(ecdbcc154d680884eaac1d7e7b310f43) Importer(815301076,1909f56bfc062723c751e8b465ee728b)
Start importing Assets/Importados/conejo/source/d1012a1783a4432883971dd6c23c0154/model.obj using Guid(ecdbcc154d680884eaac1d7e7b310f43) Importer(815301076,1909f56bfc062723c751e8b465ee728b)  -> (artifact id: '8decfc225377cfaeb487c1821395f563') in 0.160482 seconds 
========================================================================
Received Import Request.
  Time since last request: 186.683126 seconds.
  path: Assets/Importados/ciervoMovil
  artifactKey: Guid(1333e33118f7a6a44be1d5e18ad93b65) Importer(815301076,1909f56bfc062723c751e8b465ee728b)
Start importing Assets/Importados/ciervoMovil using Guid(1333e33118f7a6a44be1d5e18ad93b65) Importer(815301076,1909f56bfc062723c751e8b465ee728b)  -> (artifact id: '1696c42c60218a2ea6ec923769151d5f') in 0.002783 seconds 
========================================================================
Received Import Request.
  Time since last request: 1.033419 seconds.
  path: Assets/Importados/ciervoMovil/source
  artifactKey: Guid(6ed2ea9c152f34a48850c87af354f7c2) Importer(815301076,1909f56bfc062723c751e8b465ee728b)
Start importing Assets/Importados/ciervoMovil/source using Guid(6ed2ea9c152f34a48850c87af354f7c2) Importer(815301076,1909f56bfc062723c751e8b465ee728b)  -> (artifact id: '2947d1f8dc7a1454da7a8381c7db1d92') in 0.003836 seconds 
========================================================================
Received Import Request.
  Time since last request: 0.036782 seconds.
  path: Assets/Importados/ciervoMovil/source/Deer.fbx
  artifactKey: Guid(d7eb670776f40ba4f9c89afbfd094d6c) Importer(815301076,1909f56bfc062723c751e8b465ee728b)
Start importing Assets/Importados/ciervoMovil/source/Deer.fbx using Guid(d7eb670776f40ba4f9c89afbfd094d6c) Importer(815301076,1909f56bfc062723c751e8b465ee728b)  -> (artifact id: '35fe3a800504d8c3e558a560e2d3d7ac') in 0.177528 seconds 
========================================================================
Received Import Request.
  Time since last request: 25.355059 seconds.
  path: Assets/Importados/ciervo2
  artifactKey: Guid(c70aaec8927e23c479c54883d113e589) Importer(815301076,1909f56bfc062723c751e8b465ee728b)
Start importing Assets/Importados/ciervo2 using Guid(c70aaec8927e23c479c54883d113e589) Importer(815301076,1909f56bfc062723c751e8b465ee728b)  -> (artifact id: '996318d93c971fbbe16502f90ca19a73') in 0.003349 seconds 
========================================================================
Received Import Request.
  Time since last request: 1.343971 seconds.
  path: Assets/Importados/ciervo2/source
  artifactKey: Guid(4ef7cbd6b9803ba48a027df4048177af) Importer(815301076,1909f56bfc062723c751e8b465ee728b)
Start importing Assets/Importados/ciervo2/source using Guid(4ef7cbd6b9803ba48a027df4048177af) Importer(815301076,1909f56bfc062723c751e8b465ee728b)  -> (artifact id: 'a0891202f3c4cb1670fbf345fa0729c9') in 0.002724 seconds 
========================================================================
Received Import Request.
  Time since last request: 0.051701 seconds.
  path: Assets/Importados/ciervo2/source/retopology_deer.fbx
  artifactKey: Guid(55b34d0796b799d4cbe70064d67592c1) Importer(815301076,1909f56bfc062723c751e8b465ee728b)
Start importing Assets/Importados/ciervo2/source/retopology_deer.fbx using Guid(55b34d0796b799d4cbe70064d67592c1) Importer(815301076,1909f56bfc062723c751e8b465ee728b)  -> (artifact id: '6d62ef68664f37957e3461733a1f9a83') in 0.019379 seconds 
========================================================================
Received Import Request.
  Time since last request: 17.706037 seconds.
  path: Assets/Importados/ciervo2/textures
  artifactKey: Guid(f75ac089d81737040972a0462d5258c1) Importer(815301076,1909f56bfc062723c751e8b465ee728b)
Start importing Assets/Importados/ciervo2/textures using Guid(f75ac089d81737040972a0462d5258c1) Importer(815301076,1909f56bfc062723c751e8b465ee728b)  -> (artifact id: 'd81efee04de62f3a5afe395ebbd4ed55') in 0.003033 seconds 
========================================================================
Received Import Request.
  Time since last request: 0.535681 seconds.
  path: Assets/Importados/ciervo2/textures/deer_base_color.jpg
  artifactKey: Guid(deecb9163f2f25c4da792b0858530cf5) Importer(815301076,1909f56bfc062723c751e8b465ee728b)
Start importing Assets/Importados/ciervo2/textures/deer_base_color.jpg using Guid(deecb9163f2f25c4da792b0858530cf5) Importer(815301076,1909f56bfc062723c751e8b465ee728b)  -> (artifact id: '209e3f86c6b8d27b5226c78637b9c7ea') in 0.044060 seconds 
========================================================================
Received Import Request.
  Time since last request: 0.002903 seconds.
  path: Assets/Importados/ciervo2/textures/deer_specular.jpg
  artifactKey: Guid(03cdc4b2f0030854d92df647ed144108) Importer(815301076,1909f56bfc062723c751e8b465ee728b)
Start importing Assets/Importados/ciervo2/textures/deer_specular.jpg using Guid(03cdc4b2f0030854d92df647ed144108) Importer(815301076,1909f56bfc062723c751e8b465ee728b)  -> (artifact id: '3a3dd684b76ac35f99abad4967e736b5') in 0.028733 seconds 
========================================================================
Received Import Request.
  Time since last request: 12.347300 seconds.
  path: Assets/Importados/ciervo1
  artifactKey: Guid(f74e6b596e861564aa9327efd5c3f516) Importer(815301076,1909f56bfc062723c751e8b465ee728b)
Start importing Assets/Importados/ciervo1 using Guid(f74e6b596e861564aa9327efd5c3f516) Importer(815301076,1909f56bfc062723c751e8b465ee728b)  -> (artifact id: 'b434d6e4d3790f013ef828c407be4cd0') in 0.006469 seconds 
========================================================================
Received Import Request.
  Time since last request: 77.595974 seconds.
  path: Assets/Importados/ciervo1/source
  artifactKey: Guid(72f67bd3cf8941448a743e3266918665) Importer(815301076,1909f56bfc062723c751e8b465ee728b)
Start importing Assets/Importados/ciervo1/source using Guid(72f67bd3cf8941448a743e3266918665) Importer(815301076,1909f56bfc062723c751e8b465ee728b)  -> (artifact id: '016488c1e31a3c30aa26cc4621989b24') in 0.003053 seconds 
========================================================================
Received Import Request.
  Time since last request: 0.037984 seconds.
  path: Assets/Importados/ciervo1/source/deer.fbx
  artifactKey: Guid(db40416cf5fb1b44e879fed2b0e34f4d) Importer(815301076,1909f56bfc062723c751e8b465ee728b)
Start importing Assets/Importados/ciervo1/source/deer.fbx using Guid(db40416cf5fb1b44e879fed2b0e34f4d) Importer(815301076,1909f56bfc062723c751e8b465ee728b)  -> (artifact id: 'd27741a07727b1d5ddc4b614b94729ac') in 0.016856 seconds 
========================================================================
Received Import Request.
  Time since last request: 9.585595 seconds.
  path: Assets/Importados/ciervo1/textures
  artifactKey: Guid(4769afcd2bbed0f438182e84df3df4b7) Importer(815301076,1909f56bfc062723c751e8b465ee728b)
Start importing Assets/Importados/ciervo1/textures using Guid(4769afcd2bbed0f438182e84df3df4b7) Importer(815301076,1909f56bfc062723c751e8b465ee728b)  -> (artifact id: 'e45a46f416faa0b7f427daeb4cd6265d') in 0.003738 seconds 
========================================================================
Received Import Request.
  Time since last request: 0.627441 seconds.
  path: Assets/Importados/ciervo1/textures/12961_White-TailedDeer_diffuse.jpeg
  artifactKey: Guid(0d2c580a55b46b14eb13471c8f662b86) Importer(815301076,1909f56bfc062723c751e8b465ee728b)
Start importing Assets/Importados/ciervo1/textures/12961_White-TailedDeer_diffuse.jpeg using Guid(0d2c580a55b46b14eb13471c8f662b86) Importer(815301076,1909f56bfc062723c751e8b465ee728b)  -> (artifact id: '0964004d70be2544f1827bdc577f9711') in 0.013719 seconds 
========================================================================
Received Import Request.
  Time since last request: 43.911329 seconds.
  path: Assets/Importados/ciervoMovil/textures
  artifactKey: Guid(f9ecdbada9168584d80037fdcc3a959f) Importer(815301076,1909f56bfc062723c751e8b465ee728b)
Start importing Assets/Importados/ciervoMovil/textures using Guid(f9ecdbada9168584d80037fdcc3a959f) Importer(815301076,1909f56bfc062723c751e8b465ee728b)  -> (artifact id: '0582b67d9f38a2ccd3128f58cfb313c2') in 0.003735 seconds 
========================================================================
Received Import Request.
  Time since last request: 0.166623 seconds.
  path: Assets/Importados/ciervoMovil/textures/Deer.png
  artifactKey: Guid(578820f560ee9db4dbc8cde1ff762805) Importer(815301076,1909f56bfc062723c751e8b465ee728b)
Start importing Assets/Importados/ciervoMovil/textures/Deer.png using Guid(578820f560ee9db4dbc8cde1ff762805) Importer(815301076,1909f56bfc062723c751e8b465ee728b)  -> (artifact id: '576e8f8f70a06c36950a6c573840ae9c') in 0.022340 seconds 
========================================================================
Received Import Request.
  Time since last request: 3637.683202 seconds.
  path: Assets/Importados/arbolTalado
  artifactKey: Guid(e40a8c05c28e85a4dadbeb960e4bf8c3) Importer(815301076,1909f56bfc062723c751e8b465ee728b)
Start importing Assets/Importados/arbolTalado using Guid(e40a8c05c28e85a4dadbeb960e4bf8c3) Importer(815301076,1909f56bfc062723c751e8b465ee728b)  -> (artifact id: '74dc743c4226281b69bb37dd4e5f4b0a') in 0.005571 seconds 
========================================================================
Received Import Request.
  Time since last request: 0.918209 seconds.
  path: Assets/Importados/arbolTalado/source
  artifactKey: Guid(ee4f791c0afaf684abb0f16fed68ad60) Importer(815301076,1909f56bfc062723c751e8b465ee728b)
Start importing Assets/Importados/arbolTalado/source using Guid(ee4f791c0afaf684abb0f16fed68ad60) Importer(815301076,1909f56bfc062723c751e8b465ee728b)  -> (artifact id: '8c051f76295617c40f68af14bd415366') in 0.003920 seconds 
========================================================================
Received Import Request.
  Time since last request: 0.050703 seconds.
  path: Assets/Importados/arbolTalado/source/TreeTrunk_Pack.fbx
  artifactKey: Guid(8685893636cc1d84aa131169209ac5a1) Importer(815301076,1909f56bfc062723c751e8b465ee728b)
Start importing Assets/Importados/arbolTalado/source/TreeTrunk_Pack.fbx using Guid(8685893636cc1d84aa131169209ac5a1) Importer(815301076,1909f56bfc062723c751e8b465ee728b)  -> (artifact id: 'f86bcf05c13d3651b9dbead434a22181') in 0.056300 seconds 
========================================================================
Received Import Request.
  Time since last request: 93.987463 seconds.
  path: Assets/Importados/arbolTalado/source/arbol1.fbx
  artifactKey: Guid(a1ac554a2442daa46b8de4eede714eba) Importer(815301076,1909f56bfc062723c751e8b465ee728b)
Start importing Assets/Importados/arbolTalado/source/arbol1.fbx using Guid(a1ac554a2442daa46b8de4eede714eba) Importer(815301076,1909f56bfc062723c751e8b465ee728b)  -> (artifact id: 'de77e5fcece9477788107a4f2e905706') in 0.023268 seconds 
========================================================================
Received Import Request.
  Time since last request: 0.000019 seconds.
  path: Assets/Importados/arbolTalado/source/arbol4.fbx
  artifactKey: Guid(8a474ab0c75d22a40828635068b68e2c) Importer(815301076,1909f56bfc062723c751e8b465ee728b)
Start importing Assets/Importados/arbolTalado/source/arbol4.fbx using Guid(8a474ab0c75d22a40828635068b68e2c) Importer(815301076,1909f56bfc062723c751e8b465ee728b)  -> (artifact id: '095be54b1a23d7f299a7768a2eae5918') in 0.023624 seconds 
========================================================================
Received Import Request.
  Time since last request: 0.000021 seconds.
  path: Assets/Importados/arbolTalado/source/arbol3.fbx
  artifactKey: Guid(512103c981c949f4198695118277024f) Importer(815301076,1909f56bfc062723c751e8b465ee728b)
Start importing Assets/Importados/arbolTalado/source/arbol3.fbx using Guid(512103c981c949f4198695118277024f) Importer(815301076,1909f56bfc062723c751e8b465ee728b)  -> (artifact id: 'abf93b4ffa6eb16f6d39df4ff2a769ce') in 0.022977 seconds 
========================================================================
Received Prepare
Registering precompiled user dll's ...
Registered in 0.020541 seconds.
Begin MonoManager ReloadAssembly
Symbol file LoadedFromMemory doesn't match image C:\Users\nando\Desktop\Nature Cuest\Juegos\Library\PackageCache\com.unity.visualscripting@1.8.0\Editor\VisualScripting.Core\Dependencies\YamlDotNet\Unity.VisualScripting.YamlDotNet.dll
Symbol file LoadedFromMemory doesn't match image C:\Users\nando\Desktop\Nature Cuest\Juegos\Library\PackageCache\com.unity.visualscripting@1.8.0\Editor\VisualScripting.Core\Dependencies\DotNetZip\Unity.VisualScripting.IonicZip.dll
Native extension for WindowsStandalone target not found
Refreshing native plugins compatible for Editor in 3.09 ms, found 3 plugins.
Preloading 0 native plugins for Editor in 0.00 ms.
Mono: successfully reloaded assembly
- Completed reload, in  1.492 seconds
Domain Reload Profiling:
	ReloadAssembly (1494ms)
		BeginReloadAssembly (344ms)
			ExecutionOrderSort (0ms)
			DisableScriptedObjects (8ms)
			BackupInstance (0ms)
			ReleaseScriptingObjects (0ms)
			CreateAndSetChildDomain (115ms)
		EndReloadAssembly (966ms)
			LoadAssemblies (205ms)
			RebuildTransferFunctionScriptingTraits (0ms)
			SetupTypeCache (349ms)
			ReleaseScriptCaches (1ms)
			RebuildScriptCaches (47ms)
			SetupLoadedEditorAssemblies (394ms)
				LogAssemblyErrors (0ms)
				InitializePlatformSupportModulesInManaged (9ms)
				SetLoadedEditorAssemblies (1ms)
				RefreshPlugins (3ms)
				BeforeProcessingInitializeOnLoad (81ms)
				ProcessInitializeOnLoadAttributes (257ms)
				ProcessInitializeOnLoadMethodAttributes (22ms)
				AfterProcessingInitializeOnLoad (21ms)
				EditorAssembliesLoaded (0ms)
			ExecutionOrderSort2 (0ms)
			AwakeInstancesAfterBackupRestoration (8ms)
Platform modules already initialized, skipping
Refreshing native plugins compatible for Editor in 4.29 ms, found 3 plugins.
Preloading 0 native plugins for Editor in 0.00 ms.
Unloading 3099 Unused Serialized files (Serialized files now loaded: 0)
Unloading 19 unused Assets / (24.6 KB). Loaded Objects now: 3637.
Memory consumption went from 131.4 MB to 131.4 MB.
Total: 6.067000 ms (FindLiveObjects: 0.371800 ms CreateObjectMapping: 0.401500 ms MarkObjects: 5.241200 ms  DeleteObjects: 0.050600 ms)

AssetImportParameters requested are different than current active one (requested -> active):
  custom:video-decoder-ogg-theora: a1e56fd34408186e4bbccfd4996cb3dc -> 
  custom:container-muxer-webm: aa71ff27fc2769a1b78a27578f13a17b -> 
  custom:container-demuxer-webm: 4f35f7cbe854078d1ac9338744f61a02 -> 
  custom:video-encoder-webm-vp8: eb34c28f22e8b96e1ab97ce403110664 -> 
  custom:video-codec-MediaFoundation-h265: 746d11721c4dcdbdad8f713fa42b33f4 -> 
  custom:audio-encoder-webm-vorbis: bf7c407c2cedff20999df2af8eb42d56 -> 
  custom:framework-win-MediaFoundation: 216162199b28c13a410421893ffa2e32 -> 
  custom:container-demuxer-ogg: 62fdf1f143b41e24485cea50d1cbac27 -> 
  custom:video-decoder-webm-vp8: 9c59270c3fd7afecdb556c50c9e8de78 -> 
  custom:audio-decoder-ogg-vorbis: bf7c407c2cedff20999df2af8eb42d56 -> 
========================================================================
Received Prepare
Registering precompiled user dll's ...
Registered in 0.027229 seconds.
Begin MonoManager ReloadAssembly
Symbol file LoadedFromMemory doesn't match image C:\Users\nando\Desktop\Nature Cuest\Juegos\Library\PackageCache\com.unity.visualscripting@1.8.0\Editor\VisualScripting.Core\Dependencies\YamlDotNet\Unity.VisualScripting.YamlDotNet.dll
Symbol file LoadedFromMemory doesn't match image C:\Users\nando\Desktop\Nature Cuest\Juegos\Library\PackageCache\com.unity.visualscripting@1.8.0\Editor\VisualScripting.Core\Dependencies\DotNetZip\Unity.VisualScripting.IonicZip.dll
Native extension for WindowsStandalone target not found
Refreshing native plugins compatible for Editor in 1.08 ms, found 3 plugins.
Preloading 0 native plugins for Editor in 0.00 ms.
Mono: successfully reloaded assembly
- Completed reload, in  1.284 seconds
Domain Reload Profiling:
	ReloadAssembly (1285ms)
		BeginReloadAssembly (184ms)
			ExecutionOrderSort (0ms)
			DisableScriptedObjects (6ms)
			BackupInstance (0ms)
			ReleaseScriptingObjects (0ms)
			CreateAndSetChildDomain (43ms)
		EndReloadAssembly (959ms)
			LoadAssemblies (133ms)
			RebuildTransferFunctionScriptingTraits (0ms)
			SetupTypeCache (294ms)
			ReleaseScriptCaches (1ms)
			RebuildScriptCaches (56ms)
			SetupLoadedEditorAssemblies (443ms)
				LogAssemblyErrors (0ms)
				InitializePlatformSupportModulesInManaged (8ms)
				SetLoadedEditorAssemblies (0ms)
				RefreshPlugins (1ms)
				BeforeProcessingInitializeOnLoad (86ms)
				ProcessInitializeOnLoadAttributes (296ms)
				ProcessInitializeOnLoadMethodAttributes (28ms)
				AfterProcessingInitializeOnLoad (24ms)
				EditorAssembliesLoaded (0ms)
			ExecutionOrderSort2 (0ms)
			AwakeInstancesAfterBackupRestoration (13ms)
Platform modules already initialized, skipping
Refreshing native plugins compatible for Editor in 4.50 ms, found 3 plugins.
Preloading 0 native plugins for Editor in 0.00 ms.
Unloading 3099 Unused Serialized files (Serialized files now loaded: 0)
Unloading 19 unused Assets / (24.7 KB). Loaded Objects now: 3640.
Memory consumption went from 131.4 MB to 131.4 MB.
Total: 3.135300 ms (FindLiveObjects: 0.274200 ms CreateObjectMapping: 0.234500 ms MarkObjects: 2.598800 ms  DeleteObjects: 0.026600 ms)

AssetImportParameters requested are different than current active one (requested -> active):
  custom:video-decoder-ogg-theora: a1e56fd34408186e4bbccfd4996cb3dc -> 
  custom:container-muxer-webm: aa71ff27fc2769a1b78a27578f13a17b -> 
  custom:container-demuxer-webm: 4f35f7cbe854078d1ac9338744f61a02 -> 
  custom:video-encoder-webm-vp8: eb34c28f22e8b96e1ab97ce403110664 -> 
  custom:video-codec-MediaFoundation-h265: 746d11721c4dcdbdad8f713fa42b33f4 -> 
  custom:audio-encoder-webm-vorbis: bf7c407c2cedff20999df2af8eb42d56 -> 
  custom:framework-win-MediaFoundation: 216162199b28c13a410421893ffa2e32 -> 
  custom:container-demuxer-ogg: 62fdf1f143b41e24485cea50d1cbac27 -> 
  custom:video-decoder-webm-vp8: 9c59270c3fd7afecdb556c50c9e8de78 -> 
  custom:audio-decoder-ogg-vorbis: bf7c407c2cedff20999df2af8eb42d56 -> 
========================================================================
Received Prepare
Registering precompiled user dll's ...
Registered in 0.019501 seconds.
Begin MonoManager ReloadAssembly
Symbol file LoadedFromMemory doesn't match image C:\Users\nando\Desktop\Nature Cuest\Juegos\Library\PackageCache\com.unity.visualscripting@1.8.0\Editor\VisualScripting.Core\Dependencies\YamlDotNet\Unity.VisualScripting.YamlDotNet.dll
Symbol file LoadedFromMemory doesn't match image C:\Users\nando\Desktop\Nature Cuest\Juegos\Library\PackageCache\com.unity.visualscripting@1.8.0\Editor\VisualScripting.Core\Dependencies\DotNetZip\Unity.VisualScripting.IonicZip.dll
Native extension for WindowsStandalone target not found
Refreshing native plugins compatible for Editor in 1.64 ms, found 3 plugins.
Preloading 0 native plugins for Editor in 0.00 ms.
Mono: successfully reloaded assembly
- Completed reload, in  1.312 seconds
Domain Reload Profiling:
	ReloadAssembly (1313ms)
		BeginReloadAssembly (191ms)
			ExecutionOrderSort (0ms)
			DisableScriptedObjects (7ms)
			BackupInstance (0ms)
			ReleaseScriptingObjects (0ms)
			CreateAndSetChildDomain (37ms)
		EndReloadAssembly (986ms)
			LoadAssemblies (150ms)
			RebuildTransferFunctionScriptingTraits (0ms)
			SetupTypeCache (292ms)
			ReleaseScriptCaches (2ms)
			RebuildScriptCaches (49ms)
			SetupLoadedEditorAssemblies (471ms)
				LogAssemblyErrors (0ms)
				InitializePlatformSupportModulesInManaged (8ms)
				SetLoadedEditorAssemblies (0ms)
				RefreshPlugins (2ms)
				BeforeProcessingInitializeOnLoad (82ms)
				ProcessInitializeOnLoadAttributes (326ms)
				ProcessInitializeOnLoadMethodAttributes (32ms)
				AfterProcessingInitializeOnLoad (20ms)
				EditorAssembliesLoaded (0ms)
			ExecutionOrderSort2 (0ms)
			AwakeInstancesAfterBackupRestoration (10ms)
Platform modules already initialized, skipping
Refreshing native plugins compatible for Editor in 4.02 ms, found 3 plugins.
Preloading 0 native plugins for Editor in 0.00 ms.
Unloading 3099 Unused Serialized files (Serialized files now loaded: 0)
Unloading 19 unused Assets / (24.6 KB). Loaded Objects now: 3643.
Memory consumption went from 131.4 MB to 131.4 MB.
Total: 4.666400 ms (FindLiveObjects: 0.386500 ms CreateObjectMapping: 0.426800 ms MarkObjects: 3.803300 ms  DeleteObjects: 0.048300 ms)

AssetImportParameters requested are different than current active one (requested -> active):
  custom:video-decoder-ogg-theora: a1e56fd34408186e4bbccfd4996cb3dc -> 
  custom:container-muxer-webm: aa71ff27fc2769a1b78a27578f13a17b -> 
  custom:container-demuxer-webm: 4f35f7cbe854078d1ac9338744f61a02 -> 
  custom:video-encoder-webm-vp8: eb34c28f22e8b96e1ab97ce403110664 -> 
  custom:video-codec-MediaFoundation-h265: 746d11721c4dcdbdad8f713fa42b33f4 -> 
  custom:audio-encoder-webm-vorbis: bf7c407c2cedff20999df2af8eb42d56 -> 
  custom:framework-win-MediaFoundation: 216162199b28c13a410421893ffa2e32 -> 
  custom:container-demuxer-ogg: 62fdf1f143b41e24485cea50d1cbac27 -> 
  custom:video-decoder-webm-vp8: 9c59270c3fd7afecdb556c50c9e8de78 -> 
  custom:audio-decoder-ogg-vorbis: bf7c407c2cedff20999df2af8eb42d56 -> 
========================================================================
Received Import Request.
  Time since last request: 1304.131532 seconds.
  path: Assets/Importados/ciervoMovil/source/Deer.controller
  artifactKey: Guid(db6e906ddc92d8a419cb4ac7d0774a8d) Importer(815301076,1909f56bfc062723c751e8b465ee728b)
Start importing Assets/Importados/ciervoMovil/source/Deer.controller using Guid(db6e906ddc92d8a419cb4ac7d0774a8d) Importer(815301076,1909f56bfc062723c751e8b465ee728b)  -> (artifact id: 'acf6d2b93687ff935c77a0f9f95b2b11') in 0.032633 seconds 
========================================================================
Received Prepare
Registering precompiled user dll's ...
Registered in 0.022224 seconds.
Begin MonoManager ReloadAssembly
Symbol file LoadedFromMemory doesn't match image C:\Users\nando\Desktop\Nature Cuest\Juegos\Library\PackageCache\com.unity.visualscripting@1.8.0\Editor\VisualScripting.Core\Dependencies\YamlDotNet\Unity.VisualScripting.YamlDotNet.dll
Symbol file LoadedFromMemory doesn't match image C:\Users\nando\Desktop\Nature Cuest\Juegos\Library\PackageCache\com.unity.visualscripting@1.8.0\Editor\VisualScripting.Core\Dependencies\DotNetZip\Unity.VisualScripting.IonicZip.dll
Native extension for WindowsStandalone target not found
Refreshing native plugins compatible for Editor in 1.23 ms, found 3 plugins.
Preloading 0 native plugins for Editor in 0.00 ms.
Mono: successfully reloaded assembly
- Completed reload, in  1.254 seconds
Domain Reload Profiling:
	ReloadAssembly (1254ms)
		BeginReloadAssembly (174ms)
			ExecutionOrderSort (0ms)
			DisableScriptedObjects (6ms)
			BackupInstance (0ms)
			ReleaseScriptingObjects (0ms)
			CreateAndSetChildDomain (39ms)
		EndReloadAssembly (942ms)
			LoadAssemblies (121ms)
			RebuildTransferFunctionScriptingTraits (0ms)
			SetupTypeCache (284ms)
			ReleaseScriptCaches (1ms)
			RebuildScriptCaches (44ms)
			SetupLoadedEditorAssemblies (446ms)
				LogAssemblyErrors (0ms)
				InitializePlatformSupportModulesInManaged (8ms)
				SetLoadedEditorAssemblies (1ms)
				RefreshPlugins (1ms)
				BeforeProcessingInitializeOnLoad (91ms)
				ProcessInitializeOnLoadAttributes (290ms)
				ProcessInitializeOnLoadMethodAttributes (32ms)
				AfterProcessingInitializeOnLoad (22ms)
				EditorAssembliesLoaded (0ms)
			ExecutionOrderSort2 (0ms)
			AwakeInstancesAfterBackupRestoration (12ms)
Platform modules already initialized, skipping
Refreshing native plugins compatible for Editor in 3.50 ms, found 3 plugins.
Preloading 0 native plugins for Editor in 0.00 ms.
Unloading 3099 Unused Serialized files (Serialized files now loaded: 0)
Unloading 19 unused Assets / (24.6 KB). Loaded Objects now: 3646.
Memory consumption went from 131.4 MB to 131.4 MB.
Total: 3.545300 ms (FindLiveObjects: 0.271900 ms CreateObjectMapping: 0.259300 ms MarkObjects: 2.984000 ms  DeleteObjects: 0.028800 ms)

AssetImportParameters requested are different than current active one (requested -> active):
  custom:video-decoder-ogg-theora: a1e56fd34408186e4bbccfd4996cb3dc -> 
  custom:container-muxer-webm: aa71ff27fc2769a1b78a27578f13a17b -> 
  custom:container-demuxer-webm: 4f35f7cbe854078d1ac9338744f61a02 -> 
  custom:video-encoder-webm-vp8: eb34c28f22e8b96e1ab97ce403110664 -> 
  custom:video-codec-MediaFoundation-h265: 746d11721c4dcdbdad8f713fa42b33f4 -> 
  custom:audio-encoder-webm-vorbis: bf7c407c2cedff20999df2af8eb42d56 -> 
  custom:framework-win-MediaFoundation: 216162199b28c13a410421893ffa2e32 -> 
  custom:container-demuxer-ogg: 62fdf1f143b41e24485cea50d1cbac27 -> 
  custom:video-decoder-webm-vp8: 9c59270c3fd7afecdb556c50c9e8de78 -> 
  custom:audio-decoder-ogg-vorbis: bf7c407c2cedff20999df2af8eb42d56 -> 
========================================================================
Received Import Request.
  Time since last request: 361.479685 seconds.
  path: Assets/Importados/SyntyStudios/PolygonSamples/PolygonSciFiCity/Models/Character_Augmented_Male_01.fbx
  artifactKey: Guid(7c7feee260018884e9aee7424fa8e2e3) Importer(815301076,1909f56bfc062723c751e8b465ee728b)
Start importing Assets/Importados/SyntyStudios/PolygonSamples/PolygonSciFiCity/Models/Character_Augmented_Male_01.fbx using Guid(7c7feee260018884e9aee7424fa8e2e3) Importer(815301076,1909f56bfc062723c751e8b465ee728b)  -> (artifact id: '57d66d9480f563587a5dfa0f712cc49e') in 0.181757 seconds 
========================================================================
Received Import Request.
  Time since last request: 0.000035 seconds.
  path: Assets/Importados/SyntyStudios/PolygonAdventure/Models/Characters/Characters.fbx
  artifactKey: Guid(fd7d68a65822e4a44a9ef78850e64cfc) Importer(815301076,1909f56bfc062723c751e8b465ee728b)
Start importing Assets/Importados/SyntyStudios/PolygonAdventure/Models/Characters/Characters.fbx using Guid(fd7d68a65822e4a44a9ef78850e64cfc) Importer(815301076,1909f56bfc062723c751e8b465ee728b)  -> (artifact id: 'cbd358e5c9e905ccf4a8e0b93df31c69') in 0.299419 seconds 
========================================================================
Received Import Request.
  Time since last request: 0.000049 seconds.
  path: Assets/Importados/SyntyStudios/PolygonKnights/Models/Characters/FixedScaleCharacters/Characters_POLYGON_Knights.fbx
  artifactKey: Guid(32562d1256a1b3b4ca9be3d6ce7adf64) Importer(815301076,1909f56bfc062723c751e8b465ee728b)
Start importing Assets/Importados/SyntyStudios/PolygonKnights/Models/Characters/FixedScaleCharacters/Characters_POLYGON_Knights.fbx using Guid(32562d1256a1b3b4ca9be3d6ce7adf64) Importer(815301076,1909f56bfc062723c751e8b465ee728b)  -> (artifact id: 'a5051c4b6294b3f6e3ed75589345aabd') in 0.145464 seconds 
========================================================================
Received Import Request.
  Time since last request: 0.000029 seconds.
  path: Assets/Importados/SyntyStudios/PolygonCity/Models/FixedScaleCharacters/Characters.fbx
  artifactKey: Guid(91028badc63f59f43a9c5bda64fbd608) Importer(815301076,1909f56bfc062723c751e8b465ee728b)
Start importing Assets/Importados/SyntyStudios/PolygonCity/Models/FixedScaleCharacters/Characters.fbx using Guid(91028badc63f59f43a9c5bda64fbd608) Importer(815301076,1909f56bfc062723c751e8b465ee728b)  -> (artifact id: 'cf2f7850941f4b2d670105e3d60f200a') in 0.134301 seconds 
========================================================================
Received Import Request.
  Time since last request: 3.422475 seconds.
  path: Assets/Importados/SyntyStudios/PolygonStarter/Models/Characters.fbx
  artifactKey: Guid(2dc7b382d25903545b405802eb2198ab) Importer(815301076,1909f56bfc062723c751e8b465ee728b)
Start importing Assets/Importados/SyntyStudios/PolygonStarter/Models/Characters.fbx using Guid(2dc7b382d25903545b405802eb2198ab) Importer(815301076,1909f56bfc062723c751e8b465ee728b)  -> (artifact id: '640762a12f61145c434f00ad675cdb90') in 0.072406 seconds 
========================================================================
Received Import Request.
  Time since last request: 0.080609 seconds.
  path: Assets/Importados/SyntyStudios/PolygonStarter/PolygonPrototype/Models/FOV.fbx
  artifactKey: Guid(6c71607f5442ec140a9649456733c939) Importer(815301076,1909f56bfc062723c751e8b465ee728b)
Start importing Assets/Importados/SyntyStudios/PolygonStarter/PolygonPrototype/Models/FOV.fbx using Guid(6c71607f5442ec140a9649456733c939) Importer(815301076,1909f56bfc062723c751e8b465ee728b)  -> (artifact id: 'f0f723b100e738c7bd4f49c35d7dc7c9') in 0.036507 seconds 
========================================================================
Received Import Request.
  Time since last request: 0.045751 seconds.
  path: Assets/Importados/SyntyStudios/PolygonKnights/Models/SM_Prop_Brazier_01_Snow.fbx
  artifactKey: Guid(dbb93cf88039d564998d84ff51ce06d1) Importer(815301076,1909f56bfc062723c751e8b465ee728b)
Start importing Assets/Importados/SyntyStudios/PolygonKnights/Models/SM_Prop_Brazier_01_Snow.fbx using Guid(dbb93cf88039d564998d84ff51ce06d1) Importer(815301076,1909f56bfc062723c751e8b465ee728b)  -> (artifact id: '70212b337a63b2b534bbb297c00bbf04') in 0.019576 seconds 
========================================================================
Received Import Request.
  Time since last request: 0.464446 seconds.
  path: Assets/Importados/SyntyStudios/PolygonKnights/Models/SM_Prop_Rowboat_01_Snow.fbx
  artifactKey: Guid(050205a685432164894276fe02fbcedb) Importer(815301076,1909f56bfc062723c751e8b465ee728b)
Start importing Assets/Importados/SyntyStudios/PolygonKnights/Models/SM_Prop_Rowboat_01_Snow.fbx using Guid(050205a685432164894276fe02fbcedb) Importer(815301076,1909f56bfc062723c751e8b465ee728b)  -> (artifact id: '932983b0aa036f454dcb415e00f45a84') in 0.016206 seconds 
========================================================================
Received Import Request.
  Time since last request: 0.149652 seconds.
  path: Assets/Importados/SyntyStudios/PolygonKnights/Models/SM_Prop_Statue_Base_01_Snow.fbx
  artifactKey: Guid(d2a57a0fca4c83447b819ee90b8930d7) Importer(815301076,1909f56bfc062723c751e8b465ee728b)
Start importing Assets/Importados/SyntyStudios/PolygonKnights/Models/SM_Prop_Statue_Base_01_Snow.fbx using Guid(d2a57a0fca4c83447b819ee90b8930d7) Importer(815301076,1909f56bfc062723c751e8b465ee728b)  -> (artifact id: 'ab4a79beee74701f31e62a0d05d166e8') in 0.023681 seconds 
========================================================================
Received Import Request.
  Time since last request: 0.053708 seconds.
  path: Assets/Importados/SyntyStudios/PolygonKnights/Models/SM_Prop_WaterWheel_Support_01_Snow.fbx
  artifactKey: Guid(ebdb5a134fe7a45488df4a4f72f7fb8b) Importer(815301076,1909f56bfc062723c751e8b465ee728b)
Start importing Assets/Importados/SyntyStudios/PolygonKnights/Models/SM_Prop_WaterWheel_Support_01_Snow.fbx using Guid(ebdb5a134fe7a45488df4a4f72f7fb8b) Importer(815301076,1909f56bfc062723c751e8b465ee728b)  -> (artifact id: 'cac94b0f6e6d33e6a8c31c52c0ba998d') in 0.017408 seconds 
========================================================================
Received Prepare
Registering precompiled user dll's ...
Registered in 0.022139 seconds.
Begin MonoManager ReloadAssembly
Symbol file LoadedFromMemory doesn't match image C:\Users\nando\Desktop\Nature Cuest\Juegos\Library\PackageCache\com.unity.visualscripting@1.8.0\Editor\VisualScripting.Core\Dependencies\YamlDotNet\Unity.VisualScripting.YamlDotNet.dll
Symbol file LoadedFromMemory doesn't match image C:\Users\nando\Desktop\Nature Cuest\Juegos\Library\PackageCache\com.unity.visualscripting@1.8.0\Editor\VisualScripting.Core\Dependencies\DotNetZip\Unity.VisualScripting.IonicZip.dll
Native extension for WindowsStandalone target not found
Refreshing native plugins compatible for Editor in 1.15 ms, found 3 plugins.
Preloading 0 native plugins for Editor in 0.00 ms.
Mono: successfully reloaded assembly
- Completed reload, in  1.311 seconds
Domain Reload Profiling:
	ReloadAssembly (1312ms)
		BeginReloadAssembly (177ms)
			ExecutionOrderSort (0ms)
			DisableScriptedObjects (4ms)
			BackupInstance (0ms)
			ReleaseScriptingObjects (0ms)
			CreateAndSetChildDomain (33ms)
		EndReloadAssembly (990ms)
			LoadAssemblies (146ms)
			RebuildTransferFunctionScriptingTraits (0ms)
			SetupTypeCache (320ms)
			ReleaseScriptCaches (1ms)
			RebuildScriptCaches (50ms)
			SetupLoadedEditorAssemblies (450ms)
				LogAssemblyErrors (0ms)
				InitializePlatformSupportModulesInManaged (10ms)
				SetLoadedEditorAssemblies (0ms)
				RefreshPlugins (1ms)
				BeforeProcessingInitializeOnLoad (88ms)
				ProcessInitializeOnLoadAttributes (311ms)
				ProcessInitializeOnLoadMethodAttributes (22ms)
				AfterProcessingInitializeOnLoad (17ms)
				EditorAssembliesLoaded (0ms)
			ExecutionOrderSort2 (0ms)
			AwakeInstancesAfterBackupRestoration (8ms)
Platform modules already initialized, skipping
Refreshing native plugins compatible for Editor in 3.92 ms, found 3 plugins.
Preloading 0 native plugins for Editor in 0.00 ms.
Unloading 3099 Unused Serialized files (Serialized files now loaded: 0)
Unloading 19 unused Assets / (24.6 KB). Loaded Objects now: 3650.
Memory consumption went from 131.6 MB to 131.6 MB.
Total: 3.748600 ms (FindLiveObjects: 0.368400 ms CreateObjectMapping: 0.212700 ms MarkObjects: 3.130400 ms  DeleteObjects: 0.035600 ms)

AssetImportParameters requested are different than current active one (requested -> active):
  custom:video-decoder-ogg-theora: a1e56fd34408186e4bbccfd4996cb3dc -> 
  custom:container-muxer-webm: aa71ff27fc2769a1b78a27578f13a17b -> 
  custom:container-demuxer-webm: 4f35f7cbe854078d1ac9338744f61a02 -> 
  custom:video-encoder-webm-vp8: eb34c28f22e8b96e1ab97ce403110664 -> 
  custom:video-codec-MediaFoundation-h265: 746d11721c4dcdbdad8f713fa42b33f4 -> 
  custom:audio-encoder-webm-vorbis: bf7c407c2cedff20999df2af8eb42d56 -> 
  custom:framework-win-MediaFoundation: 216162199b28c13a410421893ffa2e32 -> 
  custom:container-demuxer-ogg: 62fdf1f143b41e24485cea50d1cbac27 -> 
  custom:video-decoder-webm-vp8: 9c59270c3fd7afecdb556c50c9e8de78 -> 
  custom:audio-decoder-ogg-vorbis: bf7c407c2cedff20999df2af8eb42d56 -> 
========================================================================
Received Prepare
Registering precompiled user dll's ...
Registered in 0.042201 seconds.
Begin MonoManager ReloadAssembly
Symbol file LoadedFromMemory doesn't match image C:\Users\nando\Desktop\Nature Cuest\Juegos\Library\PackageCache\com.unity.visualscripting@1.8.0\Editor\VisualScripting.Core\Dependencies\YamlDotNet\Unity.VisualScripting.YamlDotNet.dll
Symbol file LoadedFromMemory doesn't match image C:\Users\nando\Desktop\Nature Cuest\Juegos\Library\PackageCache\com.unity.visualscripting@1.8.0\Editor\VisualScripting.Core\Dependencies\DotNetZip\Unity.VisualScripting.IonicZip.dll
Native extension for WindowsStandalone target not found
Refreshing native plugins compatible for Editor in 1.20 ms, found 3 plugins.
Preloading 0 native plugins for Editor in 0.00 ms.
Mono: successfully reloaded assembly
- Completed reload, in  1.363 seconds
Domain Reload Profiling:
	ReloadAssembly (1364ms)
		BeginReloadAssembly (178ms)
			ExecutionOrderSort (0ms)
			DisableScriptedObjects (8ms)
			BackupInstance (0ms)
			ReleaseScriptingObjects (0ms)
			CreateAndSetChildDomain (30ms)
		EndReloadAssembly (1016ms)
			LoadAssemblies (153ms)
			RebuildTransferFunctionScriptingTraits (0ms)
			SetupTypeCache (347ms)
			ReleaseScriptCaches (1ms)
			RebuildScriptCaches (51ms)
			SetupLoadedEditorAssemblies (435ms)
				LogAssemblyErrors (0ms)
				InitializePlatformSupportModulesInManaged (10ms)
				SetLoadedEditorAssemblies (1ms)
				RefreshPlugins (1ms)
				BeforeProcessingInitializeOnLoad (96ms)
				ProcessInitializeOnLoadAttributes (279ms)
				ProcessInitializeOnLoadMethodAttributes (28ms)
				AfterProcessingInitializeOnLoad (19ms)
				EditorAssembliesLoaded (0ms)
			ExecutionOrderSort2 (0ms)
			AwakeInstancesAfterBackupRestoration (10ms)
Platform modules already initialized, skipping
Refreshing native plugins compatible for Editor in 5.21 ms, found 3 plugins.
Preloading 0 native plugins for Editor in 0.00 ms.
Unloading 3099 Unused Serialized files (Serialized files now loaded: 0)
Unloading 19 unused Assets / (24.7 KB). Loaded Objects now: 3653.
Memory consumption went from 131.6 MB to 131.6 MB.
Total: 3.794500 ms (FindLiveObjects: 0.314700 ms CreateObjectMapping: 0.231500 ms MarkObjects: 3.207100 ms  DeleteObjects: 0.039900 ms)

AssetImportParameters requested are different than current active one (requested -> active):
  custom:video-decoder-ogg-theora: a1e56fd34408186e4bbccfd4996cb3dc -> 
  custom:container-muxer-webm: aa71ff27fc2769a1b78a27578f13a17b -> 
  custom:container-demuxer-webm: 4f35f7cbe854078d1ac9338744f61a02 -> 
  custom:video-encoder-webm-vp8: eb34c28f22e8b96e1ab97ce403110664 -> 
  custom:video-codec-MediaFoundation-h265: 746d11721c4dcdbdad8f713fa42b33f4 -> 
  custom:audio-encoder-webm-vorbis: bf7c407c2cedff20999df2af8eb42d56 -> 
  custom:framework-win-MediaFoundation: 216162199b28c13a410421893ffa2e32 -> 
  custom:container-demuxer-ogg: 62fdf1f143b41e24485cea50d1cbac27 -> 
  custom:video-decoder-webm-vp8: 9c59270c3fd7afecdb556c50c9e8de78 -> 
  custom:audio-decoder-ogg-vorbis: bf7c407c2cedff20999df2af8eb42d56 -> 
========================================================================
Received Prepare
Registering precompiled user dll's ...
Registered in 0.022479 seconds.
Begin MonoManager ReloadAssembly
Symbol file LoadedFromMemory doesn't match image C:\Users\nando\Desktop\Nature Cuest\Juegos\Library\PackageCache\com.unity.visualscripting@1.8.0\Editor\VisualScripting.Core\Dependencies\YamlDotNet\Unity.VisualScripting.YamlDotNet.dll
Symbol file LoadedFromMemory doesn't match image C:\Users\nando\Desktop\Nature Cuest\Juegos\Library\PackageCache\com.unity.visualscripting@1.8.0\Editor\VisualScripting.Core\Dependencies\DotNetZip\Unity.VisualScripting.IonicZip.dll
Native extension for WindowsStandalone target not found
Refreshing native plugins compatible for Editor in 0.93 ms, found 3 plugins.
Preloading 0 native plugins for Editor in 0.00 ms.
Mono: successfully reloaded assembly
- Completed reload, in  1.185 seconds
Domain Reload Profiling:
	ReloadAssembly (1186ms)
		BeginReloadAssembly (166ms)
			ExecutionOrderSort (0ms)
			DisableScriptedObjects (5ms)
			BackupInstance (0ms)
			ReleaseScriptingObjects (0ms)
			CreateAndSetChildDomain (34ms)
		EndReloadAssembly (889ms)
			LoadAssemblies (121ms)
			RebuildTransferFunctionScriptingTraits (0ms)
			SetupTypeCache (315ms)
			ReleaseScriptCaches (1ms)
			RebuildScriptCaches (45ms)
			SetupLoadedEditorAssemblies (373ms)
				LogAssemblyErrors (0ms)
				InitializePlatformSupportModulesInManaged (7ms)
				SetLoadedEditorAssemblies (0ms)
				RefreshPlugins (1ms)
				BeforeProcessingInitializeOnLoad (88ms)
				ProcessInitializeOnLoadAttributes (238ms)
				ProcessInitializeOnLoadMethodAttributes (21ms)
				AfterProcessingInitializeOnLoad (16ms)
				EditorAssembliesLoaded (0ms)
			ExecutionOrderSort2 (0ms)
			AwakeInstancesAfterBackupRestoration (9ms)
Platform modules already initialized, skipping
Refreshing native plugins compatible for Editor in 3.50 ms, found 3 plugins.
Preloading 0 native plugins for Editor in 0.00 ms.
Unloading 3099 Unused Serialized files (Serialized files now loaded: 0)
Unloading 19 unused Assets / (24.7 KB). Loaded Objects now: 3656.
Memory consumption went from 131.6 MB to 131.6 MB.
Total: 3.512300 ms (FindLiveObjects: 0.313400 ms CreateObjectMapping: 0.258600 ms MarkObjects: 2.907100 ms  DeleteObjects: 0.031800 ms)

AssetImportParameters requested are different than current active one (requested -> active):
  custom:video-decoder-ogg-theora: a1e56fd34408186e4bbccfd4996cb3dc -> 
  custom:container-muxer-webm: aa71ff27fc2769a1b78a27578f13a17b -> 
  custom:container-demuxer-webm: 4f35f7cbe854078d1ac9338744f61a02 -> 
  custom:video-encoder-webm-vp8: eb34c28f22e8b96e1ab97ce403110664 -> 
  custom:video-codec-MediaFoundation-h265: 746d11721c4dcdbdad8f713fa42b33f4 -> 
  custom:audio-encoder-webm-vorbis: bf7c407c2cedff20999df2af8eb42d56 -> 
  custom:framework-win-MediaFoundation: 216162199b28c13a410421893ffa2e32 -> 
  custom:container-demuxer-ogg: 62fdf1f143b41e24485cea50d1cbac27 -> 
  custom:video-decoder-webm-vp8: 9c59270c3fd7afecdb556c50c9e8de78 -> 
  custom:audio-decoder-ogg-vorbis: bf7c407c2cedff20999df2af8eb42d56 -> 
========================================================================
Received Import Request.
  Time since last request: 2082.544320 seconds.
  path: Assets/Importados/animalesBosque
  artifactKey: Guid(8a849fb2dd82baa4a869b9cb3e6bc084) Importer(815301076,1909f56bfc062723c751e8b465ee728b)
Start importing Assets/Importados/animalesBosque using Guid(8a849fb2dd82baa4a869b9cb3e6bc084) Importer(815301076,1909f56bfc062723c751e8b465ee728b)  -> (artifact id: '16eb4c0b6d637e1e22d971efc195ceea') in 0.015400 seconds 
========================================================================
Received Import Request.
  Time since last request: 3.912955 seconds.
  path: Assets/Importados/animalesBosque/pajaro1
  artifactKey: Guid(ca7f51da977d8ba4093a7e5fa35491a6) Importer(815301076,1909f56bfc062723c751e8b465ee728b)
Start importing Assets/Importados/animalesBosque/pajaro1 using Guid(ca7f51da977d8ba4093a7e5fa35491a6) Importer(815301076,1909f56bfc062723c751e8b465ee728b)  -> (artifact id: '1c5de4c89bebf98c3b1cf8aed6b9303f') in 0.002716 seconds 
========================================================================
Received Import Request.
  Time since last request: 2.332606 seconds.
  path: Assets/Importados/animalesBosque/pajaro1/source
  artifactKey: Guid(05646d2172ec20d4491799b42bf75110) Importer(815301076,1909f56bfc062723c751e8b465ee728b)
Start importing Assets/Importados/animalesBosque/pajaro1/source using Guid(05646d2172ec20d4491799b42bf75110) Importer(815301076,1909f56bfc062723c751e8b465ee728b)  -> (artifact id: '9ff31096383aabaebd0f0b5921e21fab') in 0.003483 seconds 
========================================================================
Received Import Request.
  Time since last request: 0.833915 seconds.
  path: Assets/Importados/animalesBosque/pajaro1/source/model.zip
  artifactKey: Guid(abbded4e468928c4eb2674dc9045a282) Importer(815301076,1909f56bfc062723c751e8b465ee728b)
Start importing Assets/Importados/animalesBosque/pajaro1/source/model.zip using Guid(abbded4e468928c4eb2674dc9045a282) Importer(815301076,1909f56bfc062723c751e8b465ee728b)  -> (artifact id: 'aba41c2d505ff8d431e453103d22d986') in 0.004428 seconds 
========================================================================
Received Import Request.
  Time since last request: 0.146001 seconds.
  path: Assets/Importados/animalesBosque/pajaro1/source/model.zip/model.jpg
  artifactKey: Guid(4430463b9fa522048b0c14e5a8aaef3b) Importer(815301076,1909f56bfc062723c751e8b465ee728b)
Start importing Assets/Importados/animalesBosque/pajaro1/source/model.zip/model.jpg using Guid(4430463b9fa522048b0c14e5a8aaef3b) Importer(815301076,1909f56bfc062723c751e8b465ee728b)  -> (artifact id: '2033da850ffda04d50a92cc588b8b329') in 0.071224 seconds 
========================================================================
Received Import Request.
  Time since last request: 425.422815 seconds.
  path: Assets/Importados/animalesBosque/rana1
  artifactKey: Guid(e5c0ec5731ac44741a3482eb9327e7f4) Importer(815301076,1909f56bfc062723c751e8b465ee728b)
Start importing Assets/Importados/animalesBosque/rana1 using Guid(e5c0ec5731ac44741a3482eb9327e7f4) Importer(815301076,1909f56bfc062723c751e8b465ee728b)  -> (artifact id: 'b62da9b06c3df5923c6c19487cfc676c') in 0.002962 seconds 
========================================================================
Received Import Request.
  Time since last request: 1.542144 seconds.
  path: Assets/Importados/animalesBosque/rana1/source
  artifactKey: Guid(bf66fa6ce8861a04691332a715465a40) Importer(815301076,1909f56bfc062723c751e8b465ee728b)
Start importing Assets/Importados/animalesBosque/rana1/source using Guid(bf66fa6ce8861a04691332a715465a40) Importer(815301076,1909f56bfc062723c751e8b465ee728b)  -> (artifact id: 'dfacedf77b4905d25d5e8145861fbfb0') in 0.002973 seconds 
========================================================================
Received Import Request.
  Time since last request: 0.047171 seconds.
  path: Assets/Importados/animalesBosque/rana1/source/frog.fbx
  artifactKey: Guid(44a176341305adb409c2df2636f16aab) Importer(815301076,1909f56bfc062723c751e8b465ee728b)
Start importing Assets/Importados/animalesBosque/rana1/source/frog.fbx using Guid(44a176341305adb409c2df2636f16aab) Importer(815301076,1909f56bfc062723c751e8b465ee728b)  -> (artifact id: '04690b67f59e3469e3421c2cb0e43ac4') in 0.195722 seconds 
========================================================================
Received Import Request.
  Time since last request: 41.400991 seconds.
  path: Assets/Importados/animalesBosque/rana1/textures
  artifactKey: Guid(850a4a754ce7a7f4cb998a7c257f686a) Importer(815301076,1909f56bfc062723c751e8b465ee728b)
Start importing Assets/Importados/animalesBosque/rana1/textures using Guid(850a4a754ce7a7f4cb998a7c257f686a) Importer(815301076,1909f56bfc062723c751e8b465ee728b)  -> (artifact id: '04eecb487f8364bb626c85ef8b519eda') in 0.006278 seconds 
========================================================================
Received Import Request.
  Time since last request: 0.587233 seconds.
  path: Assets/Importados/animalesBosque/rana1/textures/eye_diffuse.png
  artifactKey: Guid(452c8e52b8323fa4bb1b7c303395c5a7) Importer(815301076,1909f56bfc062723c751e8b465ee728b)
Start importing Assets/Importados/animalesBosque/rana1/textures/eye_diffuse.png using Guid(452c8e52b8323fa4bb1b7c303395c5a7) Importer(815301076,1909f56bfc062723c751e8b465ee728b)  -> (artifact id: 'c0c7435a474456aba735e0734d218f30') in 0.013961 seconds 
========================================================================
Received Import Request.
  Time since last request: 0.007886 seconds.
  path: Assets/Importados/animalesBosque/rana1/textures/eye_NRM.png
  artifactKey: Guid(812a0a044a390e64ea22e37b6c1c2d41) Importer(815301076,1909f56bfc062723c751e8b465ee728b)
Start importing Assets/Importados/animalesBosque/rana1/textures/eye_NRM.png using Guid(812a0a044a390e64ea22e37b6c1c2d41) Importer(815301076,1909f56bfc062723c751e8b465ee728b)  -> (artifact id: '88cb4571219257c9bf299801c3b56168') in 0.011516 seconds 
========================================================================
Received Import Request.
  Time since last request: 0.014993 seconds.
  path: Assets/Importados/animalesBosque/rana1/textures/frog_roughness.png
  artifactKey: Guid(bfc422b300c561747980f6b5300d8137) Importer(815301076,1909f56bfc062723c751e8b465ee728b)
Start importing Assets/Importados/animalesBosque/rana1/textures/frog_roughness.png using Guid(bfc422b300c561747980f6b5300d8137) Importer(815301076,1909f56bfc062723c751e8b465ee728b)  -> (artifact id: '146ae38045ae113f2d2d56054b543f9a') in 0.133567 seconds 
========================================================================
Received Import Request.
  Time since last request: 0.000054 seconds.
  path: Assets/Importados/animalesBosque/rana1/textures/eye_roughness.png
  artifactKey: Guid(d758ec79c747df841b6d2c095f7dffd4) Importer(815301076,1909f56bfc062723c751e8b465ee728b)
Start importing Assets/Importados/animalesBosque/rana1/textures/eye_roughness.png using Guid(d758ec79c747df841b6d2c095f7dffd4) Importer(815301076,1909f56bfc062723c751e8b465ee728b)  -> (artifact id: '11c685435e6d77766420d52b109e3ced') in 0.019511 seconds 
========================================================================
Received Import Request.
  Time since last request: 0.000060 seconds.
  path: Assets/Importados/animalesBosque/rana1/textures/frog_diffuse.png
  artifactKey: Guid(b7dbf5118b8f61c41af47239d1a0b3ff) Importer(815301076,1909f56bfc062723c751e8b465ee728b)
Start importing Assets/Importados/animalesBosque/rana1/textures/frog_diffuse.png using Guid(b7dbf5118b8f61c41af47239d1a0b3ff) Importer(815301076,1909f56bfc062723c751e8b465ee728b)  -> (artifact id: '2eccddb9a1c2754455711d5fcc60cea9') in 0.017716 seconds 
Editor requested this worker to shutdown with reason: Scaling down because of idle timeout
AssetImportWorker is now disconnected from the server
Process exiting
Exiting without the bug reporter. Application will terminate with return code 0